<?xml version="1.0" encoding="utf-8"?>
<CoverageSession xmlns:xsd="http://www.w3.org/2001/XMLSchema" xmlns:xsi="http://www.w3.org/2001/XMLSchema-instance" Version="4.6.0.0">
  <Summary numSequencePoints="177" visitedSequencePoints="99" numBranchPoints="56" visitedBranchPoints="32" sequenceCoverage="55.93" branchCoverage="57.14" maxCyclomaticComplexity="7" minCyclomaticComplexity="1" maxCrapScore="35.35" minCrapScore="1" visitedClasses="10" numClasses="10" visitedMethods="27" numMethods="32" />
  <Modules>
    <Module hash="49-28-C8-C3-77-A5-43-65-CA-F5-BE-1B-76-C7-9B-2D-A6-B9-A9-B4">
      <Summary numSequencePoints="21" visitedSequencePoints="21" numBranchPoints="5" visitedBranchPoints="5" sequenceCoverage="100" branchCoverage="100" maxCyclomaticComplexity="1" minCyclomaticComplexity="1" maxCrapScore="2" minCrapScore="1" visitedClasses="1" numClasses="1" visitedMethods="5" numMethods="5" />
      <ModulePath>C:\Users\fabri\Desktop\Academia-NDD\Academia\GerenciadorSalas\GerenciadorSalas.DomainTests\bin\Debug\GerenciadorSalas.DomainTests.dll</ModulePath>
      <ModuleTime>2018-06-03T04:31:25.9276351Z</ModuleTime>
      <ModuleName>GerenciadorSalas.DomainTests</ModuleName>
      <Files>
        <File uid="1" fullPath="C:\Users\fabri\Desktop\Academia-NDD\Academia\GerenciadorSalas\GerenciadorSalas.DomainTests\Features\Usuarios\UsuarioTest.cs" />
      </Files>
      <Classes>
        <Class>
          <Summary numSequencePoints="21" visitedSequencePoints="21" numBranchPoints="5" visitedBranchPoints="5" sequenceCoverage="100" branchCoverage="100" maxCyclomaticComplexity="1" minCyclomaticComplexity="1" maxCrapScore="2" minCrapScore="1" visitedClasses="1" numClasses="1" visitedMethods="5" numMethods="5" />
          <FullName>GerenciadorSalas.DomainTests.Features.Usuarios.UsuarioTest</FullName>
          <Methods>
            <Method visited="true" cyclomaticComplexity="1" nPathComplexity="0" sequenceCoverage="100" branchCoverage="100" crapScore="1" isConstructor="false" isStatic="false" isGetter="false" isSetter="false">
              <Summary numSequencePoints="3" visitedSequencePoints="3" numBranchPoints="1" visitedBranchPoints="1" sequenceCoverage="100" branchCoverage="100" maxCyclomaticComplexity="1" minCyclomaticComplexity="1" maxCrapScore="1" minCrapScore="1" visitedClasses="0" numClasses="0" visitedMethods="1" numMethods="1" />
              <MetadataToken>100663297</MetadataToken>
              <Name>System.Void GerenciadorSalas.DomainTests.Features.Usuarios.UsuarioTest::Usuario_set()</Name>
              <FileRef uid="1" />
              <SequencePoints>
                <SequencePoint vc="4" uspid="1" ordinal="0" offset="0" sl="19" sc="9" el="19" ec="10" bec="0" bev="0" fileid="1" />
                <SequencePoint vc="4" uspid="2" ordinal="1" offset="1" sl="20" sc="13" el="20" ec="47" bec="0" bev="0" fileid="1" />
                <SequencePoint vc="4" uspid="3" ordinal="2" offset="12" sl="21" sc="9" el="21" ec="10" bec="0" bev="0" fileid="1" />
              </SequencePoints>
              <BranchPoints />
              <MethodPoint xsi:type="SequencePoint" vc="4" uspid="1" ordinal="0" offset="0" sl="19" sc="9" el="19" ec="10" bec="0" bev="0" fileid="1" />
            </Method>
            <Method visited="true" cyclomaticComplexity="1" nPathComplexity="0" sequenceCoverage="100" branchCoverage="100" crapScore="1" isConstructor="false" isStatic="false" isGetter="false" isSetter="false">
              <Summary numSequencePoints="4" visitedSequencePoints="4" numBranchPoints="1" visitedBranchPoints="1" sequenceCoverage="100" branchCoverage="100" maxCyclomaticComplexity="1" minCyclomaticComplexity="1" maxCrapScore="1" minCrapScore="1" visitedClasses="0" numClasses="0" visitedMethods="1" numMethods="1" />
              <MetadataToken>100663298</MetadataToken>
              <Name>System.Void GerenciadorSalas.DomainTests.Features.Usuarios.UsuarioTest::Usuario_deve_ter_um_nome_valido_Ok()</Name>
              <FileRef uid="1" />
              <SequencePoints>
                <SequencePoint vc="1" uspid="4" ordinal="0" offset="0" sl="25" sc="9" el="25" ec="10" bec="0" bev="0" fileid="1">
                  <TrackedMethodRefs>
                    <TrackedMethodRef uid="1" vc="1" />
                  </TrackedMethodRefs>
                </SequencePoint>
                <SequencePoint vc="1" uspid="5" ordinal="1" offset="1" sl="26" sc="13" el="26" ec="50" bec="0" bev="0" fileid="1">
                  <TrackedMethodRefs>
                    <TrackedMethodRef uid="1" vc="1" />
                  </TrackedMethodRefs>
                </SequencePoint>
                <SequencePoint vc="1" uspid="6" ordinal="2" offset="38" sl="27" sc="13" el="27" ec="32" bec="0" bev="0" fileid="1">
                  <TrackedMethodRefs>
                    <TrackedMethodRef uid="1" vc="1" />
                  </TrackedMethodRefs>
                </SequencePoint>
                <SequencePoint vc="1" uspid="7" ordinal="3" offset="50" sl="28" sc="9" el="28" ec="10" bec="0" bev="0" fileid="1">
                  <TrackedMethodRefs>
                    <TrackedMethodRef uid="1" vc="1" />
                  </TrackedMethodRefs>
                </SequencePoint>
              </SequencePoints>
              <BranchPoints />
              <MethodPoint xsi:type="SequencePoint" vc="1" uspid="4" ordinal="0" offset="0" sl="25" sc="9" el="25" ec="10" bec="0" bev="0" fileid="1">
                <TrackedMethodRefs>
                  <TrackedMethodRef uid="1" vc="1" />
                </TrackedMethodRefs>
              </MethodPoint>
            </Method>
            <Method visited="true" cyclomaticComplexity="1" nPathComplexity="0" sequenceCoverage="100" branchCoverage="100" crapScore="1" isConstructor="false" isStatic="false" isGetter="false" isSetter="false">
              <Summary numSequencePoints="4" visitedSequencePoints="4" numBranchPoints="1" visitedBranchPoints="1" sequenceCoverage="100" branchCoverage="100" maxCyclomaticComplexity="1" minCyclomaticComplexity="1" maxCrapScore="1" minCrapScore="1" visitedClasses="0" numClasses="0" visitedMethods="1" numMethods="1" />
              <MetadataToken>100663299</MetadataToken>
              <Name>System.Void GerenciadorSalas.DomainTests.Features.Usuarios.UsuarioTest::Usuario_deve_ter_um_setor_valido_Ok()</Name>
              <FileRef uid="1" />
              <SequencePoints>
                <SequencePoint vc="1" uspid="8" ordinal="0" offset="0" sl="32" sc="9" el="32" ec="10" bec="0" bev="0" fileid="1">
                  <TrackedMethodRefs>
                    <TrackedMethodRef uid="2" vc="1" />
                  </TrackedMethodRefs>
                </SequencePoint>
                <SequencePoint vc="1" uspid="9" ordinal="1" offset="1" sl="33" sc="13" el="33" ec="59" bec="0" bev="0" fileid="1">
                  <TrackedMethodRefs>
                    <TrackedMethodRef uid="2" vc="1" />
                  </TrackedMethodRefs>
                </SequencePoint>
                <SequencePoint vc="1" uspid="10" ordinal="2" offset="38" sl="34" sc="13" el="34" ec="32" bec="0" bev="0" fileid="1">
                  <TrackedMethodRefs>
                    <TrackedMethodRef uid="2" vc="1" />
                  </TrackedMethodRefs>
                </SequencePoint>
                <SequencePoint vc="1" uspid="11" ordinal="3" offset="50" sl="35" sc="9" el="35" ec="10" bec="0" bev="0" fileid="1">
                  <TrackedMethodRefs>
                    <TrackedMethodRef uid="2" vc="1" />
                  </TrackedMethodRefs>
                </SequencePoint>
              </SequencePoints>
              <BranchPoints />
              <MethodPoint xsi:type="SequencePoint" vc="1" uspid="8" ordinal="0" offset="0" sl="32" sc="9" el="32" ec="10" bec="0" bev="0" fileid="1">
                <TrackedMethodRefs>
                  <TrackedMethodRef uid="2" vc="1" />
                </TrackedMethodRefs>
              </MethodPoint>
            </Method>
            <Method visited="true" cyclomaticComplexity="1" nPathComplexity="0" sequenceCoverage="100" branchCoverage="100" crapScore="1" isConstructor="false" isStatic="false" isGetter="false" isSetter="false">
              <Summary numSequencePoints="5" visitedSequencePoints="5" numBranchPoints="1" visitedBranchPoints="1" sequenceCoverage="100" branchCoverage="100" maxCyclomaticComplexity="1" minCyclomaticComplexity="1" maxCrapScore="1" minCrapScore="1" visitedClasses="0" numClasses="0" visitedMethods="1" numMethods="1" />
              <MetadataToken>100663300</MetadataToken>
              <Name>System.Void GerenciadorSalas.DomainTests.Features.Usuarios.UsuarioTest::Usuario_deve_ter_um_nome_invalido()</Name>
              <FileRef uid="1" />
              <SequencePoints>
                <SequencePoint vc="1" uspid="12" ordinal="0" offset="0" sl="39" sc="9" el="39" ec="10" bec="0" bev="0" fileid="1">
                  <TrackedMethodRefs>
                    <TrackedMethodRef uid="3" vc="1" />
                  </TrackedMethodRefs>
                </SequencePoint>
                <SequencePoint vc="1" uspid="13" ordinal="1" offset="1" sl="40" sc="13" el="40" ec="32" bec="0" bev="0" fileid="1">
                  <TrackedMethodRefs>
                    <TrackedMethodRef uid="3" vc="1" />
                  </TrackedMethodRefs>
                </SequencePoint>
                <SequencePoint vc="1" uspid="14" ordinal="2" offset="18" sl="41" sc="13" el="41" ec="50" bec="0" bev="0" fileid="1">
                  <TrackedMethodRefs>
                    <TrackedMethodRef uid="3" vc="1" />
                  </TrackedMethodRefs>
                </SequencePoint>
                <SequencePoint vc="1" uspid="15" ordinal="3" offset="37" sl="42" sc="13" el="42" ec="64" bec="0" bev="0" fileid="1">
                  <TrackedMethodRefs>
                    <TrackedMethodRef uid="3" vc="1" />
                  </TrackedMethodRefs>
                </SequencePoint>
                <SequencePoint vc="1" uspid="16" ordinal="4" offset="59" sl="43" sc="9" el="43" ec="10" bec="0" bev="0" fileid="1">
                  <TrackedMethodRefs>
                    <TrackedMethodRef uid="3" vc="1" />
                  </TrackedMethodRefs>
                </SequencePoint>
              </SequencePoints>
              <BranchPoints />
              <MethodPoint xsi:type="SequencePoint" vc="1" uspid="12" ordinal="0" offset="0" sl="39" sc="9" el="39" ec="10" bec="0" bev="0" fileid="1">
                <TrackedMethodRefs>
                  <TrackedMethodRef uid="3" vc="1" />
                </TrackedMethodRefs>
              </MethodPoint>
            </Method>
            <Method visited="true" cyclomaticComplexity="1" nPathComplexity="0" sequenceCoverage="100" branchCoverage="100" crapScore="1" isConstructor="false" isStatic="false" isGetter="false" isSetter="false">
              <Summary numSequencePoints="5" visitedSequencePoints="5" numBranchPoints="1" visitedBranchPoints="1" sequenceCoverage="100" branchCoverage="100" maxCyclomaticComplexity="1" minCyclomaticComplexity="1" maxCrapScore="1" minCrapScore="1" visitedClasses="0" numClasses="0" visitedMethods="1" numMethods="1" />
              <MetadataToken>100663301</MetadataToken>
              <Name>System.Void GerenciadorSalas.DomainTests.Features.Usuarios.UsuarioTest::Usuario_deve_ter_um_setor_invalido()</Name>
              <FileRef uid="1" />
              <SequencePoints>
                <SequencePoint vc="1" uspid="17" ordinal="0" offset="0" sl="47" sc="9" el="47" ec="10" bec="0" bev="0" fileid="1">
                  <TrackedMethodRefs>
                    <TrackedMethodRef uid="4" vc="1" />
                  </TrackedMethodRefs>
                </SequencePoint>
                <SequencePoint vc="1" uspid="18" ordinal="1" offset="1" sl="48" sc="13" el="48" ec="33" bec="0" bev="0" fileid="1">
                  <TrackedMethodRefs>
                    <TrackedMethodRef uid="4" vc="1" />
                  </TrackedMethodRefs>
                </SequencePoint>
                <SequencePoint vc="1" uspid="19" ordinal="2" offset="18" sl="49" sc="13" el="49" ec="50" bec="0" bev="0" fileid="1">
                  <TrackedMethodRefs>
                    <TrackedMethodRef uid="4" vc="1" />
                  </TrackedMethodRefs>
                </SequencePoint>
                <SequencePoint vc="1" uspid="20" ordinal="3" offset="37" sl="50" sc="13" el="50" ec="65" bec="0" bev="0" fileid="1">
                  <TrackedMethodRefs>
                    <TrackedMethodRef uid="4" vc="1" />
                  </TrackedMethodRefs>
                </SequencePoint>
                <SequencePoint vc="1" uspid="21" ordinal="4" offset="59" sl="51" sc="9" el="51" ec="10" bec="0" bev="0" fileid="1">
                  <TrackedMethodRefs>
                    <TrackedMethodRef uid="4" vc="1" />
                  </TrackedMethodRefs>
                </SequencePoint>
              </SequencePoints>
              <BranchPoints />
              <MethodPoint xsi:type="SequencePoint" vc="1" uspid="17" ordinal="0" offset="0" sl="47" sc="9" el="47" ec="10" bec="0" bev="0" fileid="1">
                <TrackedMethodRefs>
                  <TrackedMethodRef uid="4" vc="1" />
                </TrackedMethodRefs>
              </MethodPoint>
            </Method>
            <Method visited="false" cyclomaticComplexity="1" nPathComplexity="0" sequenceCoverage="0" branchCoverage="0" crapScore="2" isConstructor="true" isStatic="false" isGetter="false" isSetter="false">
              <Summary numSequencePoints="0" visitedSequencePoints="0" numBranchPoints="0" visitedBranchPoints="0" sequenceCoverage="0" branchCoverage="0" maxCyclomaticComplexity="1" minCyclomaticComplexity="1" maxCrapScore="2" minCrapScore="2" visitedClasses="0" numClasses="0" visitedMethods="0" numMethods="0" />
              <MetadataToken>100663302</MetadataToken>
              <Name>System.Void GerenciadorSalas.DomainTests.Features.Usuarios.UsuarioTest::.ctor()</Name>
              <SequencePoints />
              <BranchPoints />
              <MethodPoint vc="0" uspid="22" ordinal="0" offset="0" />
            </Method>
          </Methods>
        </Class>
      </Classes>
      <TrackedMethods>
        <TrackedMethod uid="1" token="100663298" name="System.Void GerenciadorSalas.DomainTests.Features.Usuarios.UsuarioTest::Usuario_deve_ter_um_nome_valido_Ok()" strategy="NUnitTest" />
        <TrackedMethod uid="2" token="100663299" name="System.Void GerenciadorSalas.DomainTests.Features.Usuarios.UsuarioTest::Usuario_deve_ter_um_setor_valido_Ok()" strategy="NUnitTest" />
        <TrackedMethod uid="3" token="100663300" name="System.Void GerenciadorSalas.DomainTests.Features.Usuarios.UsuarioTest::Usuario_deve_ter_um_nome_invalido()" strategy="NUnitTest" />
        <TrackedMethod uid="4" token="100663301" name="System.Void GerenciadorSalas.DomainTests.Features.Usuarios.UsuarioTest::Usuario_deve_ter_um_setor_invalido()" strategy="NUnitTest" />
      </TrackedMethods>
    </Module>
    <Module hash="64-0D-86-01-AA-0C-24-9A-08-B2-79-E2-9E-B0-81-18-82-06-2D-2E">
      <Summary numSequencePoints="7" visitedSequencePoints="7" numBranchPoints="2" visitedBranchPoints="2" sequenceCoverage="100" branchCoverage="100" maxCyclomaticComplexity="1" minCyclomaticComplexity="1" maxCrapScore="1" minCrapScore="1" visitedClasses="2" numClasses="2" visitedMethods="2" numMethods="2" />
      <ModulePath>C:\Users\fabri\Desktop\Academia-NDD\Academia\GerenciadorSalas\GerenciadorSalas.DomainTests\bin\Debug\GerenciadorSalas.Common.Tests.dll</ModulePath>
      <ModuleTime>2018-06-03T04:29:26.3337418Z</ModuleTime>
      <ModuleName>GerenciadorSalas.Common.Tests</ModuleName>
      <Files>
        <File uid="3" fullPath="C:\Users\fabri\Desktop\Academia-NDD\Academia\GerenciadorSalas\GerenciadorSalas.Common.Tests\Features\Usuarios\ObjectMother.cs" />
        <File uid="4" fullPath="C:\Users\fabri\Desktop\Academia-NDD\Academia\GerenciadorSalas\GerenciadorSalas.Common.Tests\Base\BaseSqlTests.cs" />
      </Files>
      <Classes>
        <Class>
          <Summary numSequencePoints="3" visitedSequencePoints="3" numBranchPoints="1" visitedBranchPoints="1" sequenceCoverage="100" branchCoverage="100" maxCyclomaticComplexity="1" minCyclomaticComplexity="1" maxCrapScore="1" minCrapScore="1" visitedClasses="1" numClasses="1" visitedMethods="1" numMethods="1" />
          <FullName>GerenciadorSalas.Common.Tests.Features.Usuarios.ObjectMother</FullName>
          <Methods>
            <Method visited="true" cyclomaticComplexity="1" nPathComplexity="0" sequenceCoverage="100" branchCoverage="100" crapScore="1" isConstructor="false" isStatic="true" isGetter="false" isSetter="false">
              <Summary numSequencePoints="3" visitedSequencePoints="3" numBranchPoints="1" visitedBranchPoints="1" sequenceCoverage="100" branchCoverage="100" maxCyclomaticComplexity="1" minCyclomaticComplexity="1" maxCrapScore="1" minCrapScore="1" visitedClasses="0" numClasses="0" visitedMethods="1" numMethods="1" />
              <MetadataToken>100663297</MetadataToken>
              <Name>GerenciadorSalas.Domain.Usuarios.Usuario GerenciadorSalas.Common.Tests.Features.Usuarios.ObjectMother::Usuario()</Name>
              <FileRef uid="3" />
              <SequencePoints>
                <SequencePoint vc="9" uspid="23" ordinal="0" offset="0" sl="13" sc="9" el="13" ec="10" bec="0" bev="0" fileid="3">
                  <TrackedMethodRefs>
                    <TrackedMethodRef uid="5" vc="1" />
                    <TrackedMethodRef uid="6" vc="1" />
                    <TrackedMethodRef uid="8" vc="1" />
                    <TrackedMethodRef uid="9" vc="1" />
                  </TrackedMethodRefs>
                </SequencePoint>
                <SequencePoint vc="9" uspid="24" ordinal="1" offset="1" sl="14" sc="13" el="19" ec="15" bec="0" bev="0" fileid="3">
                  <TrackedMethodRefs>
                    <TrackedMethodRef uid="5" vc="1" />
                    <TrackedMethodRef uid="6" vc="1" />
                    <TrackedMethodRef uid="8" vc="1" />
                    <TrackedMethodRef uid="9" vc="1" />
                  </TrackedMethodRefs>
                </SequencePoint>
                <SequencePoint vc="9" uspid="25" ordinal="2" offset="41" sl="20" sc="9" el="20" ec="10" bec="0" bev="0" fileid="3">
                  <TrackedMethodRefs>
                    <TrackedMethodRef uid="5" vc="1" />
                    <TrackedMethodRef uid="6" vc="1" />
                    <TrackedMethodRef uid="8" vc="1" />
                    <TrackedMethodRef uid="9" vc="1" />
                  </TrackedMethodRefs>
                </SequencePoint>
              </SequencePoints>
              <BranchPoints />
              <MethodPoint xsi:type="SequencePoint" vc="9" uspid="23" ordinal="0" offset="0" sl="13" sc="9" el="13" ec="10" bec="0" bev="0" fileid="3">
                <TrackedMethodRefs>
                  <TrackedMethodRef uid="5" vc="1" />
                  <TrackedMethodRef uid="6" vc="1" />
                  <TrackedMethodRef uid="8" vc="1" />
                  <TrackedMethodRef uid="9" vc="1" />
                </TrackedMethodRefs>
              </MethodPoint>
            </Method>
          </Methods>
        </Class>
        <Class>
          <Summary numSequencePoints="4" visitedSequencePoints="4" numBranchPoints="1" visitedBranchPoints="1" sequenceCoverage="100" branchCoverage="100" maxCyclomaticComplexity="1" minCyclomaticComplexity="1" maxCrapScore="1" minCrapScore="1" visitedClasses="1" numClasses="1" visitedMethods="1" numMethods="1" />
          <FullName>GerenciadorSalas.Common.Tests.Base.BaseSqlTests</FullName>
          <Methods>
            <Method visited="true" cyclomaticComplexity="1" nPathComplexity="0" sequenceCoverage="100" branchCoverage="100" crapScore="1" isConstructor="false" isStatic="true" isGetter="false" isSetter="false">
              <Summary numSequencePoints="4" visitedSequencePoints="4" numBranchPoints="1" visitedBranchPoints="1" sequenceCoverage="100" branchCoverage="100" maxCyclomaticComplexity="1" minCyclomaticComplexity="1" maxCrapScore="1" minCrapScore="1" visitedClasses="0" numClasses="0" visitedMethods="1" numMethods="1" />
              <MetadataToken>100663298</MetadataToken>
              <Name>System.Void GerenciadorSalas.Common.Tests.Base.BaseSqlTests::SeedDatabase()</Name>
              <FileRef uid="4" />
              <SequencePoints>
                <SequencePoint vc="5" uspid="26" ordinal="0" offset="0" sl="16" sc="9" el="16" ec="10" bec="0" bev="0" fileid="4">
                  <TrackedMethodRefs>
                    <TrackedMethodRef uid="5" vc="1" />
                    <TrackedMethodRef uid="6" vc="1" />
                    <TrackedMethodRef uid="8" vc="1" />
                    <TrackedMethodRef uid="9" vc="1" />
                  </TrackedMethodRefs>
                </SequencePoint>
                <SequencePoint vc="5" uspid="27" ordinal="1" offset="1" sl="17" sc="13" el="17" ec="40" bec="0" bev="0" fileid="4">
                  <TrackedMethodRefs>
                    <TrackedMethodRef uid="5" vc="1" />
                    <TrackedMethodRef uid="6" vc="1" />
                    <TrackedMethodRef uid="8" vc="1" />
                    <TrackedMethodRef uid="9" vc="1" />
                  </TrackedMethodRefs>
                </SequencePoint>
                <SequencePoint vc="5" uspid="28" ordinal="2" offset="13" sl="18" sc="13" el="18" ec="42" bec="0" bev="0" fileid="4">
                  <TrackedMethodRefs>
                    <TrackedMethodRef uid="5" vc="1" />
                    <TrackedMethodRef uid="6" vc="1" />
                    <TrackedMethodRef uid="8" vc="1" />
                    <TrackedMethodRef uid="9" vc="1" />
                  </TrackedMethodRefs>
                </SequencePoint>
                <SequencePoint vc="5" uspid="29" ordinal="3" offset="25" sl="19" sc="9" el="19" ec="10" bec="0" bev="0" fileid="4">
                  <TrackedMethodRefs>
                    <TrackedMethodRef uid="5" vc="1" />
                    <TrackedMethodRef uid="6" vc="1" />
                    <TrackedMethodRef uid="8" vc="1" />
                    <TrackedMethodRef uid="9" vc="1" />
                  </TrackedMethodRefs>
                </SequencePoint>
              </SequencePoints>
              <BranchPoints />
              <MethodPoint xsi:type="SequencePoint" vc="5" uspid="26" ordinal="0" offset="0" sl="16" sc="9" el="16" ec="10" bec="0" bev="0" fileid="4">
                <TrackedMethodRefs>
                  <TrackedMethodRef uid="5" vc="1" />
                  <TrackedMethodRef uid="6" vc="1" />
                  <TrackedMethodRef uid="8" vc="1" />
                  <TrackedMethodRef uid="9" vc="1" />
                </TrackedMethodRefs>
              </MethodPoint>
            </Method>
          </Methods>
        </Class>
      </Classes>
      <TrackedMethods />
    </Module>
    <Module hash="8B-45-95-22-F7-09-90-BD-6E-E9-5D-FE-A2-C2-26-77-FC-F4-E7-4F">
      <Summary numSequencePoints="21" visitedSequencePoints="21" numBranchPoints="10" visitedBranchPoints="10" sequenceCoverage="100" branchCoverage="100" maxCyclomaticComplexity="2" minCyclomaticComplexity="1" maxCrapScore="2" minCrapScore="1" visitedClasses="4" numClasses="4" visitedMethods="6" numMethods="6" />
      <ModulePath>C:\Users\fabri\Desktop\Academia-NDD\Academia\GerenciadorSalas\GerenciadorSalas.DomainTests\bin\Debug\GerenciadorSalas.Domain.dll</ModulePath>
      <ModuleTime>2018-06-03T04:27:06.5880095Z</ModuleTime>
      <ModuleName>GerenciadorSalas.Domain</ModuleName>
      <Files>
        <File uid="7" fullPath="C:\Users\fabri\Desktop\Academia-NDD\Academia\GerenciadorSalas\GerenciadorSalas.Domain\Usuarios\NomeInvalidoException.cs" />
        <File uid="8" fullPath="C:\Users\fabri\Desktop\Academia-NDD\Academia\GerenciadorSalas\GerenciadorSalas.Domain\Usuarios\SetorInvalidoException.cs" />
        <File uid="9" fullPath="C:\Users\fabri\Desktop\Academia-NDD\Academia\GerenciadorSalas\GerenciadorSalas.Domain\Usuarios\Usuario.cs" />
        <File uid="10" fullPath="C:\Users\fabri\Desktop\Academia-NDD\Academia\GerenciadorSalas\GerenciadorSalas.Domain\Exceptions\BusinessException.cs" />
      </Files>
      <Classes>
        <Class>
          <Summary numSequencePoints="3" visitedSequencePoints="3" numBranchPoints="1" visitedBranchPoints="1" sequenceCoverage="100" branchCoverage="100" maxCyclomaticComplexity="1" minCyclomaticComplexity="1" maxCrapScore="1" minCrapScore="1" visitedClasses="1" numClasses="1" visitedMethods="1" numMethods="1" />
          <FullName>GerenciadorSalas.Domain.Usuarios.NomeInvalidoException</FullName>
          <Methods>
            <Method visited="true" cyclomaticComplexity="1" nPathComplexity="0" sequenceCoverage="100" branchCoverage="100" crapScore="1" isConstructor="true" isStatic="false" isGetter="false" isSetter="false">
              <Summary numSequencePoints="3" visitedSequencePoints="3" numBranchPoints="1" visitedBranchPoints="1" sequenceCoverage="100" branchCoverage="100" maxCyclomaticComplexity="1" minCyclomaticComplexity="1" maxCrapScore="1" minCrapScore="1" visitedClasses="0" numClasses="0" visitedMethods="1" numMethods="1" />
              <MetadataToken>100663297</MetadataToken>
              <Name>System.Void GerenciadorSalas.Domain.Usuarios.NomeInvalidoException::.ctor()</Name>
              <FileRef uid="7" />
              <SequencePoints>
                <SequencePoint vc="1" uspid="30" ordinal="0" offset="0" sl="12" sc="42" el="12" ec="72" bec="0" bev="0" fileid="7">
                  <TrackedMethodRefs>
                    <TrackedMethodRef uid="3" vc="1" />
                  </TrackedMethodRefs>
                </SequencePoint>
                <SequencePoint vc="1" uspid="31" ordinal="1" offset="12" sl="13" sc="9" el="13" ec="10" bec="0" bev="0" fileid="7">
                  <TrackedMethodRefs>
                    <TrackedMethodRef uid="3" vc="1" />
                  </TrackedMethodRefs>
                </SequencePoint>
                <SequencePoint vc="1" uspid="32" ordinal="2" offset="13" sl="14" sc="9" el="14" ec="10" bec="0" bev="0" fileid="7">
                  <TrackedMethodRefs>
                    <TrackedMethodRef uid="3" vc="1" />
                  </TrackedMethodRefs>
                </SequencePoint>
              </SequencePoints>
              <BranchPoints />
              <MethodPoint xsi:type="SequencePoint" vc="1" uspid="30" ordinal="0" offset="0" sl="12" sc="42" el="12" ec="72" bec="0" bev="0" fileid="7">
                <TrackedMethodRefs>
                  <TrackedMethodRef uid="3" vc="1" />
                </TrackedMethodRefs>
              </MethodPoint>
            </Method>
          </Methods>
        </Class>
        <Class>
          <Summary numSequencePoints="3" visitedSequencePoints="3" numBranchPoints="1" visitedBranchPoints="1" sequenceCoverage="100" branchCoverage="100" maxCyclomaticComplexity="1" minCyclomaticComplexity="1" maxCrapScore="1" minCrapScore="1" visitedClasses="1" numClasses="1" visitedMethods="1" numMethods="1" />
          <FullName>GerenciadorSalas.Domain.Usuarios.SetorInvalidoException</FullName>
          <Methods>
            <Method visited="true" cyclomaticComplexity="1" nPathComplexity="0" sequenceCoverage="100" branchCoverage="100" crapScore="1" isConstructor="true" isStatic="false" isGetter="false" isSetter="false">
              <Summary numSequencePoints="3" visitedSequencePoints="3" numBranchPoints="1" visitedBranchPoints="1" sequenceCoverage="100" branchCoverage="100" maxCyclomaticComplexity="1" minCyclomaticComplexity="1" maxCrapScore="1" minCrapScore="1" visitedClasses="0" numClasses="0" visitedMethods="1" numMethods="1" />
              <MetadataToken>100663298</MetadataToken>
              <Name>System.Void GerenciadorSalas.Domain.Usuarios.SetorInvalidoException::.ctor()</Name>
              <FileRef uid="8" />
              <SequencePoints>
                <SequencePoint vc="1" uspid="33" ordinal="0" offset="0" sl="12" sc="44" el="12" ec="75" bec="0" bev="0" fileid="8">
                  <TrackedMethodRefs>
                    <TrackedMethodRef uid="4" vc="1" />
                  </TrackedMethodRefs>
                </SequencePoint>
                <SequencePoint vc="1" uspid="34" ordinal="1" offset="12" sl="13" sc="9" el="13" ec="10" bec="0" bev="0" fileid="8">
                  <TrackedMethodRefs>
                    <TrackedMethodRef uid="4" vc="1" />
                  </TrackedMethodRefs>
                </SequencePoint>
                <SequencePoint vc="1" uspid="35" ordinal="2" offset="13" sl="14" sc="9" el="14" ec="10" bec="0" bev="0" fileid="8">
                  <TrackedMethodRefs>
                    <TrackedMethodRef uid="4" vc="1" />
                  </TrackedMethodRefs>
                </SequencePoint>
              </SequencePoints>
              <BranchPoints />
              <MethodPoint xsi:type="SequencePoint" vc="1" uspid="33" ordinal="0" offset="0" sl="12" sc="44" el="12" ec="75" bec="0" bev="0" fileid="8">
                <TrackedMethodRefs>
                  <TrackedMethodRef uid="4" vc="1" />
                </TrackedMethodRefs>
              </MethodPoint>
            </Method>
          </Methods>
        </Class>
        <Class>
          <Summary numSequencePoints="12" visitedSequencePoints="12" numBranchPoints="7" visitedBranchPoints="7" sequenceCoverage="100" branchCoverage="100" maxCyclomaticComplexity="2" minCyclomaticComplexity="1" maxCrapScore="2" minCrapScore="1" visitedClasses="1" numClasses="1" visitedMethods="3" numMethods="3" />
          <FullName>GerenciadorSalas.Domain.Usuarios.Usuario</FullName>
          <Methods>
            <Method skippedDueTo="AutoImplementedProperty" visited="false" cyclomaticComplexity="1" nPathComplexity="0" sequenceCoverage="0" branchCoverage="0" crapScore="0" isConstructor="false" isStatic="false" isGetter="true" isSetter="false">
              <MetadataToken>100663299</MetadataToken>
              <Name>System.Int32 GerenciadorSalas.Domain.Usuarios.Usuario::get_Id()</Name>
              <FileRef uid="9" />
              <SequencePoints />
              <BranchPoints />
            </Method>
            <Method skippedDueTo="AutoImplementedProperty" visited="false" cyclomaticComplexity="1" nPathComplexity="0" sequenceCoverage="0" branchCoverage="0" crapScore="0" isConstructor="false" isStatic="false" isGetter="false" isSetter="true">
              <MetadataToken>100663300</MetadataToken>
              <Name>System.Void GerenciadorSalas.Domain.Usuarios.Usuario::set_Id(System.Int32)</Name>
              <FileRef uid="9" />
              <SequencePoints />
              <BranchPoints />
            </Method>
            <Method skippedDueTo="AutoImplementedProperty" visited="false" cyclomaticComplexity="1" nPathComplexity="0" sequenceCoverage="0" branchCoverage="0" crapScore="0" isConstructor="false" isStatic="false" isGetter="true" isSetter="false">
              <MetadataToken>100663301</MetadataToken>
              <Name>System.String GerenciadorSalas.Domain.Usuarios.Usuario::get_Nome()</Name>
              <FileRef uid="9" />
              <SequencePoints />
              <BranchPoints />
            </Method>
            <Method skippedDueTo="AutoImplementedProperty" visited="false" cyclomaticComplexity="1" nPathComplexity="0" sequenceCoverage="0" branchCoverage="0" crapScore="0" isConstructor="false" isStatic="false" isGetter="false" isSetter="true">
              <MetadataToken>100663302</MetadataToken>
              <Name>System.Void GerenciadorSalas.Domain.Usuarios.Usuario::set_Nome(System.String)</Name>
              <FileRef uid="9" />
              <SequencePoints />
              <BranchPoints />
            </Method>
            <Method skippedDueTo="AutoImplementedProperty" visited="false" cyclomaticComplexity="1" nPathComplexity="0" sequenceCoverage="0" branchCoverage="0" crapScore="0" isConstructor="false" isStatic="false" isGetter="true" isSetter="false">
              <MetadataToken>100663303</MetadataToken>
              <Name>System.String GerenciadorSalas.Domain.Usuarios.Usuario::get_Setor()</Name>
              <FileRef uid="9" />
              <SequencePoints />
              <BranchPoints />
            </Method>
            <Method skippedDueTo="AutoImplementedProperty" visited="false" cyclomaticComplexity="1" nPathComplexity="0" sequenceCoverage="0" branchCoverage="0" crapScore="0" isConstructor="false" isStatic="false" isGetter="false" isSetter="true">
              <MetadataToken>100663304</MetadataToken>
              <Name>System.Void GerenciadorSalas.Domain.Usuarios.Usuario::set_Setor(System.String)</Name>
              <FileRef uid="9" />
              <SequencePoints />
              <BranchPoints />
            </Method>
            <Method visited="true" cyclomaticComplexity="1" nPathComplexity="0" sequenceCoverage="100" branchCoverage="100" crapScore="1" isConstructor="false" isStatic="false" isGetter="false" isSetter="false">
              <Summary numSequencePoints="4" visitedSequencePoints="4" numBranchPoints="1" visitedBranchPoints="1" sequenceCoverage="100" branchCoverage="100" maxCyclomaticComplexity="1" minCyclomaticComplexity="1" maxCrapScore="1" minCrapScore="1" visitedClasses="0" numClasses="0" visitedMethods="1" numMethods="1" />
              <MetadataToken>100663305</MetadataToken>
              <Name>System.Void GerenciadorSalas.Domain.Usuarios.Usuario::Validar()</Name>
              <FileRef uid="9" />
              <SequencePoints>
                <SequencePoint vc="4" uspid="36" ordinal="0" offset="0" sl="16" sc="9" el="16" ec="10" bec="0" bev="0" fileid="9">
                  <TrackedMethodRefs>
                    <TrackedMethodRef uid="3" vc="1" />
                    <TrackedMethodRef uid="1" vc="1" />
                    <TrackedMethodRef uid="4" vc="1" />
                    <TrackedMethodRef uid="2" vc="1" />
                  </TrackedMethodRefs>
                </SequencePoint>
                <SequencePoint vc="4" uspid="37" ordinal="1" offset="1" sl="17" sc="13" el="17" ec="27" bec="0" bev="0" fileid="9">
                  <TrackedMethodRefs>
                    <TrackedMethodRef uid="3" vc="1" />
                    <TrackedMethodRef uid="1" vc="1" />
                    <TrackedMethodRef uid="4" vc="1" />
                    <TrackedMethodRef uid="2" vc="1" />
                  </TrackedMethodRefs>
                </SequencePoint>
                <SequencePoint vc="3" uspid="38" ordinal="2" offset="8" sl="18" sc="13" el="18" ec="28" bec="0" bev="0" fileid="9">
                  <TrackedMethodRefs>
                    <TrackedMethodRef uid="1" vc="1" />
                    <TrackedMethodRef uid="4" vc="1" />
                    <TrackedMethodRef uid="2" vc="1" />
                  </TrackedMethodRefs>
                </SequencePoint>
                <SequencePoint vc="2" uspid="39" ordinal="3" offset="15" sl="19" sc="9" el="19" ec="10" bec="0" bev="0" fileid="9">
                  <TrackedMethodRefs>
                    <TrackedMethodRef uid="1" vc="1" />
                    <TrackedMethodRef uid="2" vc="1" />
                  </TrackedMethodRefs>
                </SequencePoint>
              </SequencePoints>
              <BranchPoints />
              <MethodPoint xsi:type="SequencePoint" vc="4" uspid="36" ordinal="0" offset="0" sl="16" sc="9" el="16" ec="10" bec="0" bev="0" fileid="9">
                <TrackedMethodRefs>
                  <TrackedMethodRef uid="3" vc="1" />
                  <TrackedMethodRef uid="1" vc="1" />
                  <TrackedMethodRef uid="4" vc="1" />
                  <TrackedMethodRef uid="2" vc="1" />
                </TrackedMethodRefs>
              </MethodPoint>
            </Method>
            <Method visited="true" cyclomaticComplexity="2" nPathComplexity="2" sequenceCoverage="100" branchCoverage="100" crapScore="2" isConstructor="false" isStatic="false" isGetter="false" isSetter="false">
              <Summary numSequencePoints="4" visitedSequencePoints="4" numBranchPoints="3" visitedBranchPoints="3" sequenceCoverage="100" branchCoverage="100" maxCyclomaticComplexity="2" minCyclomaticComplexity="2" maxCrapScore="2" minCrapScore="2" visitedClasses="0" numClasses="0" visitedMethods="1" numMethods="1" />
              <MetadataToken>100663306</MetadataToken>
              <Name>System.Void GerenciadorSalas.Domain.Usuarios.Usuario::ValidarSetor()</Name>
              <FileRef uid="9" />
              <SequencePoints>
                <SequencePoint vc="3" uspid="40" ordinal="0" offset="0" sl="22" sc="9" el="22" ec="10" bec="0" bev="0" fileid="9">
                  <TrackedMethodRefs>
                    <TrackedMethodRef uid="1" vc="1" />
                    <TrackedMethodRef uid="4" vc="1" />
                    <TrackedMethodRef uid="2" vc="1" />
                  </TrackedMethodRefs>
                </SequencePoint>
                <SequencePoint vc="3" uspid="41" ordinal="1" offset="1" sl="23" sc="13" el="23" ec="45" bec="2" bev="2" fileid="9">
                  <TrackedMethodRefs>
                    <TrackedMethodRef uid="1" vc="1" />
                    <TrackedMethodRef uid="4" vc="1" />
                    <TrackedMethodRef uid="2" vc="1" />
                  </TrackedMethodRefs>
                </SequencePoint>
                <SequencePoint vc="1" uspid="42" ordinal="2" offset="16" sl="24" sc="17" el="24" ec="52" bec="0" bev="0" fileid="9">
                  <TrackedMethodRefs>
                    <TrackedMethodRef uid="4" vc="1" />
                  </TrackedMethodRefs>
                </SequencePoint>
                <SequencePoint vc="2" uspid="43" ordinal="3" offset="22" sl="25" sc="9" el="25" ec="10" bec="0" bev="0" fileid="9">
                  <TrackedMethodRefs>
                    <TrackedMethodRef uid="1" vc="1" />
                    <TrackedMethodRef uid="2" vc="1" />
                  </TrackedMethodRefs>
                </SequencePoint>
              </SequencePoints>
              <BranchPoints>
                <BranchPoint vc="1" uspid="44" ordinal="0" offset="14" sl="23" path="0" offsetend="16" fileid="9">
                  <TrackedMethodRefs>
                    <TrackedMethodRef uid="4" vc="1" />
                  </TrackedMethodRefs>
                </BranchPoint>
                <BranchPoint vc="2" uspid="45" ordinal="1" offset="14" sl="23" path="1" offsetend="22" fileid="9">
                  <TrackedMethodRefs>
                    <TrackedMethodRef uid="1" vc="1" />
                    <TrackedMethodRef uid="2" vc="1" />
                  </TrackedMethodRefs>
                </BranchPoint>
              </BranchPoints>
              <MethodPoint xsi:type="SequencePoint" vc="3" uspid="40" ordinal="0" offset="0" sl="22" sc="9" el="22" ec="10" bec="0" bev="0" fileid="9">
                <TrackedMethodRefs>
                  <TrackedMethodRef uid="1" vc="1" />
                  <TrackedMethodRef uid="4" vc="1" />
                  <TrackedMethodRef uid="2" vc="1" />
                </TrackedMethodRefs>
              </MethodPoint>
            </Method>
            <Method visited="true" cyclomaticComplexity="2" nPathComplexity="2" sequenceCoverage="100" branchCoverage="100" crapScore="2" isConstructor="false" isStatic="false" isGetter="false" isSetter="false">
              <Summary numSequencePoints="4" visitedSequencePoints="4" numBranchPoints="3" visitedBranchPoints="3" sequenceCoverage="100" branchCoverage="100" maxCyclomaticComplexity="2" minCyclomaticComplexity="2" maxCrapScore="2" minCrapScore="2" visitedClasses="0" numClasses="0" visitedMethods="1" numMethods="1" />
              <MetadataToken>100663307</MetadataToken>
              <Name>System.Void GerenciadorSalas.Domain.Usuarios.Usuario::ValidarNome()</Name>
              <FileRef uid="9" />
              <SequencePoints>
                <SequencePoint vc="4" uspid="46" ordinal="0" offset="0" sl="28" sc="9" el="28" ec="10" bec="0" bev="0" fileid="9">
                  <TrackedMethodRefs>
                    <TrackedMethodRef uid="3" vc="1" />
                    <TrackedMethodRef uid="1" vc="1" />
                    <TrackedMethodRef uid="4" vc="1" />
                    <TrackedMethodRef uid="2" vc="1" />
                  </TrackedMethodRefs>
                </SequencePoint>
                <SequencePoint vc="4" uspid="47" ordinal="1" offset="1" sl="29" sc="13" el="29" ec="44" bec="2" bev="2" fileid="9">
                  <TrackedMethodRefs>
                    <TrackedMethodRef uid="3" vc="1" />
                    <TrackedMethodRef uid="1" vc="1" />
                    <TrackedMethodRef uid="4" vc="1" />
                    <TrackedMethodRef uid="2" vc="1" />
                  </TrackedMethodRefs>
                </SequencePoint>
                <SequencePoint vc="1" uspid="48" ordinal="2" offset="16" sl="30" sc="17" el="30" ec="51" bec="0" bev="0" fileid="9">
                  <TrackedMethodRefs>
                    <TrackedMethodRef uid="3" vc="1" />
                  </TrackedMethodRefs>
                </SequencePoint>
                <SequencePoint vc="3" uspid="49" ordinal="3" offset="22" sl="31" sc="9" el="31" ec="10" bec="0" bev="0" fileid="9">
                  <TrackedMethodRefs>
                    <TrackedMethodRef uid="1" vc="1" />
                    <TrackedMethodRef uid="4" vc="1" />
                    <TrackedMethodRef uid="2" vc="1" />
                  </TrackedMethodRefs>
                </SequencePoint>
              </SequencePoints>
              <BranchPoints>
                <BranchPoint vc="1" uspid="50" ordinal="0" offset="14" sl="29" path="0" offsetend="16" fileid="9">
                  <TrackedMethodRefs>
                    <TrackedMethodRef uid="3" vc="1" />
                  </TrackedMethodRefs>
                </BranchPoint>
                <BranchPoint vc="3" uspid="51" ordinal="1" offset="14" sl="29" path="1" offsetend="22" fileid="9">
                  <TrackedMethodRefs>
                    <TrackedMethodRef uid="1" vc="1" />
                    <TrackedMethodRef uid="4" vc="1" />
                    <TrackedMethodRef uid="2" vc="1" />
                  </TrackedMethodRefs>
                </BranchPoint>
              </BranchPoints>
              <MethodPoint xsi:type="SequencePoint" vc="4" uspid="46" ordinal="0" offset="0" sl="28" sc="9" el="28" ec="10" bec="0" bev="0" fileid="9">
                <TrackedMethodRefs>
                  <TrackedMethodRef uid="3" vc="1" />
                  <TrackedMethodRef uid="1" vc="1" />
                  <TrackedMethodRef uid="4" vc="1" />
                  <TrackedMethodRef uid="2" vc="1" />
                </TrackedMethodRefs>
              </MethodPoint>
            </Method>
            <Method visited="false" cyclomaticComplexity="1" nPathComplexity="0" sequenceCoverage="0" branchCoverage="0" crapScore="2" isConstructor="true" isStatic="false" isGetter="false" isSetter="false">
              <Summary numSequencePoints="0" visitedSequencePoints="0" numBranchPoints="0" visitedBranchPoints="0" sequenceCoverage="0" branchCoverage="0" maxCyclomaticComplexity="1" minCyclomaticComplexity="1" maxCrapScore="2" minCrapScore="2" visitedClasses="0" numClasses="0" visitedMethods="0" numMethods="0" />
              <MetadataToken>100663308</MetadataToken>
              <Name>System.Void GerenciadorSalas.Domain.Usuarios.Usuario::.ctor()</Name>
              <SequencePoints />
              <BranchPoints />
              <MethodPoint vc="0" uspid="52" ordinal="0" offset="0" />
            </Method>
          </Methods>
        </Class>
        <Class>
          <Summary numSequencePoints="3" visitedSequencePoints="3" numBranchPoints="1" visitedBranchPoints="1" sequenceCoverage="100" branchCoverage="100" maxCyclomaticComplexity="1" minCyclomaticComplexity="1" maxCrapScore="1" minCrapScore="1" visitedClasses="1" numClasses="1" visitedMethods="1" numMethods="1" />
          <FullName>GerenciadorSalas.Domain.Exceptions.BusinessException</FullName>
          <Methods>
            <Method visited="true" cyclomaticComplexity="1" nPathComplexity="0" sequenceCoverage="100" branchCoverage="100" crapScore="1" isConstructor="true" isStatic="false" isGetter="false" isSetter="false">
              <Summary numSequencePoints="3" visitedSequencePoints="3" numBranchPoints="1" visitedBranchPoints="1" sequenceCoverage="100" branchCoverage="100" maxCyclomaticComplexity="1" minCyclomaticComplexity="1" maxCrapScore="1" minCrapScore="1" visitedClasses="0" numClasses="0" visitedMethods="1" numMethods="1" />
              <MetadataToken>100663314</MetadataToken>
              <Name>System.Void GerenciadorSalas.Domain.Exceptions.BusinessException::.ctor(System.String)</Name>
              <FileRef uid="10" />
              <SequencePoints>
                <SequencePoint vc="2" uspid="53" ordinal="0" offset="0" sl="11" sc="52" el="11" ec="65" bec="0" bev="0" fileid="10">
                  <TrackedMethodRefs>
                    <TrackedMethodRef uid="3" vc="1" />
                    <TrackedMethodRef uid="4" vc="1" />
                  </TrackedMethodRefs>
                </SequencePoint>
                <SequencePoint vc="2" uspid="54" ordinal="1" offset="8" sl="12" sc="9" el="12" ec="10" bec="0" bev="0" fileid="10">
                  <TrackedMethodRefs>
                    <TrackedMethodRef uid="3" vc="1" />
                    <TrackedMethodRef uid="4" vc="1" />
                  </TrackedMethodRefs>
                </SequencePoint>
                <SequencePoint vc="2" uspid="55" ordinal="2" offset="9" sl="13" sc="9" el="13" ec="10" bec="0" bev="0" fileid="10">
                  <TrackedMethodRefs>
                    <TrackedMethodRef uid="3" vc="1" />
                    <TrackedMethodRef uid="4" vc="1" />
                  </TrackedMethodRefs>
                </SequencePoint>
              </SequencePoints>
              <BranchPoints />
              <MethodPoint xsi:type="SequencePoint" vc="2" uspid="53" ordinal="0" offset="0" sl="11" sc="52" el="11" ec="65" bec="0" bev="0" fileid="10">
                <TrackedMethodRefs>
                  <TrackedMethodRef uid="3" vc="1" />
                  <TrackedMethodRef uid="4" vc="1" />
                </TrackedMethodRefs>
              </MethodPoint>
            </Method>
          </Methods>
        </Class>
      </Classes>
      <TrackedMethods />
    </Module>
    <Module hash="C8-F3-D8-5D-4D-6A-87-E0-F3-82-C1-95-A8-2C-92-ED-2A-42-B1-54">
      <Summary numSequencePoints="27" visitedSequencePoints="19" numBranchPoints="6" visitedBranchPoints="6" sequenceCoverage="70.37" branchCoverage="100" maxCyclomaticComplexity="1" minCyclomaticComplexity="1" maxCrapScore="2" minCrapScore="1" visitedClasses="1" numClasses="1" visitedMethods="6" numMethods="6" />
      <ModulePath>C:\Users\fabri\Desktop\Academia-NDD\Academia\GerenciadorSalas\GerenciadorSalas.Infra.Data.Tests\bin\Debug\GerenciadorSalas.Infra.Data.Tests.dll</ModulePath>
      <ModuleTime>2018-06-03T04:35:03.0375919Z</ModuleTime>
      <ModuleName>GerenciadorSalas.Infra.Data.Tests</ModuleName>
      <Files>
        <File uid="15" fullPath="C:\Users\fabri\Desktop\Academia-NDD\Academia\GerenciadorSalas\GerenciadorSalas.Infra.Data.Tests\Features\Usuarios\UsuarioRepositorySqlTest.cs" />
      </Files>
      <Classes>
        <Class>
          <Summary numSequencePoints="27" visitedSequencePoints="19" numBranchPoints="6" visitedBranchPoints="6" sequenceCoverage="70.37" branchCoverage="100" maxCyclomaticComplexity="1" minCyclomaticComplexity="1" maxCrapScore="2" minCrapScore="1" visitedClasses="1" numClasses="1" visitedMethods="6" numMethods="6" />
          <FullName>GerenciadorSalas.Infra.Data.Tests.Features.Usuarios.UsuarioRepositorySqlTest</FullName>
          <Methods>
            <Method visited="true" cyclomaticComplexity="1" nPathComplexity="0" sequenceCoverage="100" branchCoverage="100" crapScore="1" isConstructor="false" isStatic="false" isGetter="false" isSetter="false">
              <Summary numSequencePoints="5" visitedSequencePoints="5" numBranchPoints="1" visitedBranchPoints="1" sequenceCoverage="100" branchCoverage="100" maxCyclomaticComplexity="1" minCyclomaticComplexity="1" maxCrapScore="1" minCrapScore="1" visitedClasses="0" numClasses="0" visitedMethods="1" numMethods="1" />
              <MetadataToken>100663297</MetadataToken>
              <Name>System.Void GerenciadorSalas.Infra.Data.Tests.Features.Usuarios.UsuarioRepositorySqlTest::UsuarioRepositorySqlTest_Set()</Name>
              <FileRef uid="15" />
              <SequencePoints>
                <SequencePoint vc="5" uspid="56" ordinal="0" offset="0" sl="23" sc="9" el="23" ec="10" bec="0" bev="0" fileid="15">
                  <TrackedMethodRefs>
                    <TrackedMethodRef uid="5" vc="1" />
                    <TrackedMethodRef uid="6" vc="1" />
                    <TrackedMethodRef uid="8" vc="1" />
                    <TrackedMethodRef uid="9" vc="1" />
                  </TrackedMethodRefs>
                </SequencePoint>
                <SequencePoint vc="5" uspid="57" ordinal="1" offset="1" sl="24" sc="13" el="24" ec="64" bec="0" bev="0" fileid="15">
                  <TrackedMethodRefs>
                    <TrackedMethodRef uid="5" vc="1" />
                    <TrackedMethodRef uid="6" vc="1" />
                    <TrackedMethodRef uid="8" vc="1" />
                    <TrackedMethodRef uid="9" vc="1" />
                  </TrackedMethodRefs>
                </SequencePoint>
                <SequencePoint vc="5" uspid="58" ordinal="2" offset="12" sl="25" sc="13" el="25" ec="47" bec="0" bev="0" fileid="15">
                  <TrackedMethodRefs>
                    <TrackedMethodRef uid="5" vc="1" />
                    <TrackedMethodRef uid="6" vc="1" />
                    <TrackedMethodRef uid="8" vc="1" />
                    <TrackedMethodRef uid="9" vc="1" />
                  </TrackedMethodRefs>
                </SequencePoint>
                <SequencePoint vc="5" uspid="59" ordinal="3" offset="23" sl="26" sc="13" el="26" ec="41" bec="0" bev="0" fileid="15">
                  <TrackedMethodRefs>
                    <TrackedMethodRef uid="5" vc="1" />
                    <TrackedMethodRef uid="6" vc="1" />
                    <TrackedMethodRef uid="8" vc="1" />
                    <TrackedMethodRef uid="9" vc="1" />
                  </TrackedMethodRefs>
                </SequencePoint>
                <SequencePoint vc="5" uspid="60" ordinal="4" offset="29" sl="27" sc="9" el="27" ec="10" bec="0" bev="0" fileid="15">
                  <TrackedMethodRefs>
                    <TrackedMethodRef uid="5" vc="1" />
                    <TrackedMethodRef uid="6" vc="1" />
                    <TrackedMethodRef uid="8" vc="1" />
                    <TrackedMethodRef uid="9" vc="1" />
                  </TrackedMethodRefs>
                </SequencePoint>
              </SequencePoints>
              <BranchPoints />
              <MethodPoint xsi:type="SequencePoint" vc="5" uspid="56" ordinal="0" offset="0" sl="23" sc="9" el="23" ec="10" bec="0" bev="0" fileid="15">
                <TrackedMethodRefs>
                  <TrackedMethodRef uid="5" vc="1" />
                  <TrackedMethodRef uid="6" vc="1" />
                  <TrackedMethodRef uid="8" vc="1" />
                  <TrackedMethodRef uid="9" vc="1" />
                </TrackedMethodRefs>
              </MethodPoint>
            </Method>
            <Method visited="true" cyclomaticComplexity="1" nPathComplexity="0" sequenceCoverage="50" branchCoverage="100" crapScore="1.12" isConstructor="false" isStatic="false" isGetter="false" isSetter="false">
              <Summary numSequencePoints="4" visitedSequencePoints="2" numBranchPoints="1" visitedBranchPoints="1" sequenceCoverage="50" branchCoverage="100" maxCyclomaticComplexity="1" minCyclomaticComplexity="1" maxCrapScore="1.12" minCrapScore="1.12" visitedClasses="0" numClasses="0" visitedMethods="1" numMethods="1" />
              <MetadataToken>100663298</MetadataToken>
              <Name>System.Void GerenciadorSalas.Infra.Data.Tests.Features.Usuarios.UsuarioRepositorySqlTest::Usuario_teste_Deve_adicionar_Ok()</Name>
              <FileRef uid="15" />
              <SequencePoints>
                <SequencePoint vc="1" uspid="61" ordinal="0" offset="0" sl="31" sc="9" el="31" ec="10" bec="0" bev="0" fileid="15">
                  <TrackedMethodRefs>
                    <TrackedMethodRef uid="5" vc="1" />
                  </TrackedMethodRefs>
                </SequencePoint>
                <SequencePoint vc="1" uspid="62" ordinal="1" offset="1" sl="32" sc="13" el="32" ec="49" bec="0" bev="0" fileid="15">
                  <TrackedMethodRefs>
                    <TrackedMethodRef uid="5" vc="1" />
                  </TrackedMethodRefs>
                </SequencePoint>
                <SequencePoint vc="0" uspid="63" ordinal="2" offset="19" sl="33" sc="13" el="33" ec="51" bec="0" bev="0" fileid="15" />
                <SequencePoint vc="0" uspid="64" ordinal="3" offset="52" sl="34" sc="9" el="34" ec="10" bec="0" bev="0" fileid="15" />
              </SequencePoints>
              <BranchPoints />
              <MethodPoint xsi:type="SequencePoint" vc="1" uspid="61" ordinal="0" offset="0" sl="31" sc="9" el="31" ec="10" bec="0" bev="0" fileid="15">
                <TrackedMethodRefs>
                  <TrackedMethodRef uid="5" vc="1" />
                </TrackedMethodRefs>
              </MethodPoint>
            </Method>
            <Method visited="true" cyclomaticComplexity="1" nPathComplexity="0" sequenceCoverage="75" branchCoverage="100" crapScore="1.02" isConstructor="false" isStatic="false" isGetter="false" isSetter="false">
              <Summary numSequencePoints="4" visitedSequencePoints="3" numBranchPoints="1" visitedBranchPoints="1" sequenceCoverage="75" branchCoverage="100" maxCyclomaticComplexity="1" minCyclomaticComplexity="1" maxCrapScore="1.02" minCrapScore="1.02" visitedClasses="0" numClasses="0" visitedMethods="1" numMethods="1" />
              <MetadataToken>100663299</MetadataToken>
              <Name>System.Void GerenciadorSalas.Infra.Data.Tests.Features.Usuarios.UsuarioRepositorySqlTest::Usuario_teste_deve_deletar_Ok()</Name>
              <FileRef uid="15" />
              <SequencePoints>
                <SequencePoint vc="1" uspid="65" ordinal="0" offset="0" sl="38" sc="9" el="38" ec="10" bec="0" bev="0" fileid="15">
                  <TrackedMethodRefs>
                    <TrackedMethodRef uid="6" vc="1" />
                  </TrackedMethodRefs>
                </SequencePoint>
                <SequencePoint vc="1" uspid="66" ordinal="1" offset="1" sl="39" sc="13" el="39" ec="29" bec="0" bev="0" fileid="15">
                  <TrackedMethodRefs>
                    <TrackedMethodRef uid="6" vc="1" />
                  </TrackedMethodRefs>
                </SequencePoint>
                <SequencePoint vc="1" uspid="67" ordinal="2" offset="14" sl="40" sc="13" el="40" ec="52" bec="0" bev="0" fileid="15">
                  <TrackedMethodRefs>
                    <TrackedMethodRef uid="6" vc="1" />
                  </TrackedMethodRefs>
                </SequencePoint>
                <SequencePoint vc="0" uspid="68" ordinal="3" offset="32" sl="41" sc="9" el="41" ec="10" bec="0" bev="0" fileid="15" />
              </SequencePoints>
              <BranchPoints />
              <MethodPoint xsi:type="SequencePoint" vc="1" uspid="65" ordinal="0" offset="0" sl="38" sc="9" el="38" ec="10" bec="0" bev="0" fileid="15">
                <TrackedMethodRefs>
                  <TrackedMethodRef uid="6" vc="1" />
                </TrackedMethodRefs>
              </MethodPoint>
            </Method>
            <Method visited="true" cyclomaticComplexity="1" nPathComplexity="0" sequenceCoverage="80" branchCoverage="100" crapScore="1.01" isConstructor="false" isStatic="false" isGetter="false" isSetter="false">
              <Summary numSequencePoints="5" visitedSequencePoints="4" numBranchPoints="1" visitedBranchPoints="1" sequenceCoverage="80" branchCoverage="100" maxCyclomaticComplexity="1" minCyclomaticComplexity="1" maxCrapScore="1.01" minCrapScore="1.01" visitedClasses="0" numClasses="0" visitedMethods="1" numMethods="1" />
              <MetadataToken>100663300</MetadataToken>
              <Name>System.Void GerenciadorSalas.Infra.Data.Tests.Features.Usuarios.UsuarioRepositorySqlTest::Usuario_teste_update_Ok()</Name>
              <FileRef uid="15" />
              <SequencePoints>
                <SequencePoint vc="1" uspid="69" ordinal="0" offset="0" sl="45" sc="9" el="45" ec="10" bec="0" bev="0" fileid="15">
                  <TrackedMethodRefs>
                    <TrackedMethodRef uid="7" vc="1" />
                  </TrackedMethodRefs>
                </SequencePoint>
                <SequencePoint vc="1" uspid="70" ordinal="1" offset="1" sl="46" sc="13" el="46" ec="40" bec="0" bev="0" fileid="15">
                  <TrackedMethodRefs>
                    <TrackedMethodRef uid="7" vc="1" />
                  </TrackedMethodRefs>
                </SequencePoint>
                <SequencePoint vc="1" uspid="71" ordinal="2" offset="18" sl="47" sc="13" el="47" ec="29" bec="0" bev="0" fileid="15">
                  <TrackedMethodRefs>
                    <TrackedMethodRef uid="7" vc="1" />
                  </TrackedMethodRefs>
                </SequencePoint>
                <SequencePoint vc="1" uspid="72" ordinal="3" offset="31" sl="48" sc="13" el="48" ec="52" bec="0" bev="0" fileid="15">
                  <TrackedMethodRefs>
                    <TrackedMethodRef uid="7" vc="1" />
                  </TrackedMethodRefs>
                </SequencePoint>
                <SequencePoint vc="0" uspid="73" ordinal="4" offset="49" sl="49" sc="9" el="49" ec="10" bec="0" bev="0" fileid="15" />
              </SequencePoints>
              <BranchPoints />
              <MethodPoint xsi:type="SequencePoint" vc="1" uspid="69" ordinal="0" offset="0" sl="45" sc="9" el="45" ec="10" bec="0" bev="0" fileid="15">
                <TrackedMethodRefs>
                  <TrackedMethodRef uid="7" vc="1" />
                </TrackedMethodRefs>
              </MethodPoint>
            </Method>
            <Method visited="true" cyclomaticComplexity="1" nPathComplexity="0" sequenceCoverage="50" branchCoverage="100" crapScore="1.12" isConstructor="false" isStatic="false" isGetter="false" isSetter="false">
              <Summary numSequencePoints="4" visitedSequencePoints="2" numBranchPoints="1" visitedBranchPoints="1" sequenceCoverage="50" branchCoverage="100" maxCyclomaticComplexity="1" minCyclomaticComplexity="1" maxCrapScore="1.12" minCrapScore="1.12" visitedClasses="0" numClasses="0" visitedMethods="1" numMethods="1" />
              <MetadataToken>100663301</MetadataToken>
              <Name>System.Void GerenciadorSalas.Infra.Data.Tests.Features.Usuarios.UsuarioRepositorySqlTest::Usuario_teste_GetAll_Ok()</Name>
              <FileRef uid="15" />
              <SequencePoints>
                <SequencePoint vc="1" uspid="74" ordinal="0" offset="0" sl="53" sc="9" el="53" ec="10" bec="0" bev="0" fileid="15">
                  <TrackedMethodRefs>
                    <TrackedMethodRef uid="8" vc="1" />
                  </TrackedMethodRefs>
                </SequencePoint>
                <SequencePoint vc="1" uspid="75" ordinal="1" offset="1" sl="54" sc="13" el="54" ec="54" bec="0" bev="0" fileid="15">
                  <TrackedMethodRefs>
                    <TrackedMethodRef uid="8" vc="1" />
                  </TrackedMethodRefs>
                </SequencePoint>
                <SequencePoint vc="0" uspid="76" ordinal="2" offset="13" sl="55" sc="13" el="55" ec="51" bec="0" bev="0" fileid="15" />
                <SequencePoint vc="0" uspid="77" ordinal="3" offset="41" sl="56" sc="9" el="56" ec="10" bec="0" bev="0" fileid="15" />
              </SequencePoints>
              <BranchPoints />
              <MethodPoint xsi:type="SequencePoint" vc="1" uspid="74" ordinal="0" offset="0" sl="53" sc="9" el="53" ec="10" bec="0" bev="0" fileid="15">
                <TrackedMethodRefs>
                  <TrackedMethodRef uid="8" vc="1" />
                </TrackedMethodRefs>
              </MethodPoint>
            </Method>
            <Method visited="true" cyclomaticComplexity="1" nPathComplexity="0" sequenceCoverage="60" branchCoverage="100" crapScore="1.06" isConstructor="false" isStatic="false" isGetter="false" isSetter="false">
              <Summary numSequencePoints="5" visitedSequencePoints="3" numBranchPoints="1" visitedBranchPoints="1" sequenceCoverage="60" branchCoverage="100" maxCyclomaticComplexity="1" minCyclomaticComplexity="1" maxCrapScore="1.06" minCrapScore="1.06" visitedClasses="0" numClasses="0" visitedMethods="1" numMethods="1" />
              <MetadataToken>100663302</MetadataToken>
              <Name>System.Void GerenciadorSalas.Infra.Data.Tests.Features.Usuarios.UsuarioRepositorySqlTest::Usuario_teste_GetById_Ok()</Name>
              <FileRef uid="15" />
              <SequencePoints>
                <SequencePoint vc="1" uspid="78" ordinal="0" offset="0" sl="60" sc="9" el="60" ec="10" bec="0" bev="0" fileid="15">
                  <TrackedMethodRefs>
                    <TrackedMethodRef uid="9" vc="1" />
                  </TrackedMethodRefs>
                </SequencePoint>
                <SequencePoint vc="1" uspid="79" ordinal="1" offset="1" sl="61" sc="13" el="61" ec="29" bec="0" bev="0" fileid="15">
                  <TrackedMethodRefs>
                    <TrackedMethodRef uid="9" vc="1" />
                  </TrackedMethodRefs>
                </SequencePoint>
                <SequencePoint vc="1" uspid="80" ordinal="2" offset="14" sl="62" sc="13" el="62" ec="66" bec="0" bev="0" fileid="15">
                  <TrackedMethodRefs>
                    <TrackedMethodRef uid="9" vc="1" />
                  </TrackedMethodRefs>
                </SequencePoint>
                <SequencePoint vc="0" uspid="81" ordinal="3" offset="38" sl="63" sc="13" el="63" ec="45" bec="0" bev="0" fileid="15" />
                <SequencePoint vc="0" uspid="82" ordinal="4" offset="76" sl="64" sc="9" el="64" ec="10" bec="0" bev="0" fileid="15" />
              </SequencePoints>
              <BranchPoints />
              <MethodPoint xsi:type="SequencePoint" vc="1" uspid="78" ordinal="0" offset="0" sl="60" sc="9" el="60" ec="10" bec="0" bev="0" fileid="15">
                <TrackedMethodRefs>
                  <TrackedMethodRef uid="9" vc="1" />
                </TrackedMethodRefs>
              </MethodPoint>
            </Method>
            <Method visited="false" cyclomaticComplexity="1" nPathComplexity="0" sequenceCoverage="0" branchCoverage="0" crapScore="2" isConstructor="true" isStatic="false" isGetter="false" isSetter="false">
              <Summary numSequencePoints="0" visitedSequencePoints="0" numBranchPoints="0" visitedBranchPoints="0" sequenceCoverage="0" branchCoverage="0" maxCyclomaticComplexity="1" minCyclomaticComplexity="1" maxCrapScore="2" minCrapScore="2" visitedClasses="0" numClasses="0" visitedMethods="0" numMethods="0" />
              <MetadataToken>100663303</MetadataToken>
              <Name>System.Void GerenciadorSalas.Infra.Data.Tests.Features.Usuarios.UsuarioRepositorySqlTest::.ctor()</Name>
              <SequencePoints />
              <BranchPoints />
              <MethodPoint vc="0" uspid="83" ordinal="0" offset="0" />
            </Method>
          </Methods>
        </Class>
      </Classes>
      <TrackedMethods>
        <TrackedMethod uid="5" token="100663298" name="System.Void GerenciadorSalas.Infra.Data.Tests.Features.Usuarios.UsuarioRepositorySqlTest::Usuario_teste_Deve_adicionar_Ok()" strategy="NUnitTest" />
        <TrackedMethod uid="6" token="100663299" name="System.Void GerenciadorSalas.Infra.Data.Tests.Features.Usuarios.UsuarioRepositorySqlTest::Usuario_teste_deve_deletar_Ok()" strategy="NUnitTest" />
        <TrackedMethod uid="7" token="100663300" name="System.Void GerenciadorSalas.Infra.Data.Tests.Features.Usuarios.UsuarioRepositorySqlTest::Usuario_teste_update_Ok()" strategy="NUnitTest" />
        <TrackedMethod uid="8" token="100663301" name="System.Void GerenciadorSalas.Infra.Data.Tests.Features.Usuarios.UsuarioRepositorySqlTest::Usuario_teste_GetAll_Ok()" strategy="NUnitTest" />
        <TrackedMethod uid="9" token="100663302" name="System.Void GerenciadorSalas.Infra.Data.Tests.Features.Usuarios.UsuarioRepositorySqlTest::Usuario_teste_GetById_Ok()" strategy="NUnitTest" />
      </TrackedMethods>
    </Module>
    <Module hash="99-98-EF-9A-64-16-C9-6F-09-86-01-0E-32-22-71-AE-2A-A7-3D-87">
      <Summary numSequencePoints="10" visitedSequencePoints="10" numBranchPoints="5" visitedBranchPoints="5" sequenceCoverage="100" branchCoverage="100" maxCyclomaticComplexity="1" minCyclomaticComplexity="1" maxCrapScore="2" minCrapScore="1" visitedClasses="1" numClasses="1" visitedMethods="5" numMethods="5" />
      <ModulePath>C:\Users\fabri\Desktop\Academia-NDD\Academia\GerenciadorSalas\GerenciadorSalas.Infra.Data.Tests\bin\Debug\GerenciadorSalas.Infra.Data.dll</ModulePath>
      <ModuleTime>2018-06-03T04:27:10.0686734Z</ModuleTime>
      <ModuleName>GerenciadorSalas.Infra.Data</ModuleName>
      <Files>
        <File uid="17" fullPath="C:\Users\fabri\Desktop\Academia-NDD\Academia\GerenciadorSalas\GerenciadorSalas.Infra.Data\Features\Usuarios\UsuarioSqlRepository.cs" />
      </Files>
      <Classes>
        <Class>
          <Summary numSequencePoints="10" visitedSequencePoints="10" numBranchPoints="5" visitedBranchPoints="5" sequenceCoverage="100" branchCoverage="100" maxCyclomaticComplexity="1" minCyclomaticComplexity="1" maxCrapScore="2" minCrapScore="1" visitedClasses="1" numClasses="1" visitedMethods="5" numMethods="5" />
          <FullName>GerenciadorSalas.Infra.Data.Features.Usuarios.UsuarioSqlRepository</FullName>
          <Methods>
            <Method visited="true" cyclomaticComplexity="1" nPathComplexity="0" sequenceCoverage="100" branchCoverage="100" crapScore="1" isConstructor="false" isStatic="false" isGetter="false" isSetter="false">
              <Summary numSequencePoints="2" visitedSequencePoints="2" numBranchPoints="1" visitedBranchPoints="1" sequenceCoverage="100" branchCoverage="100" maxCyclomaticComplexity="1" minCyclomaticComplexity="1" maxCrapScore="1" minCrapScore="1" visitedClasses="0" numClasses="0" visitedMethods="1" numMethods="1" />
              <MetadataToken>100663297</MetadataToken>
              <Name>GerenciadorSalas.Domain.Usuarios.Usuario GerenciadorSalas.Infra.Data.Features.Usuarios.UsuarioSqlRepository::Add(GerenciadorSalas.Domain.Usuarios.Usuario)</Name>
              <FileRef uid="17" />
              <SequencePoints>
                <SequencePoint vc="1" uspid="84" ordinal="0" offset="0" sl="13" sc="9" el="13" ec="10" bec="0" bev="0" fileid="17">
                  <TrackedMethodRefs>
                    <TrackedMethodRef uid="5" vc="1" />
                  </TrackedMethodRefs>
                </SequencePoint>
                <SequencePoint vc="1" uspid="85" ordinal="1" offset="1" sl="14" sc="13" el="14" ec="49" bec="0" bev="0" fileid="17">
                  <TrackedMethodRefs>
                    <TrackedMethodRef uid="5" vc="1" />
                  </TrackedMethodRefs>
                </SequencePoint>
              </SequencePoints>
              <BranchPoints />
              <MethodPoint xsi:type="SequencePoint" vc="1" uspid="84" ordinal="0" offset="0" sl="13" sc="9" el="13" ec="10" bec="0" bev="0" fileid="17">
                <TrackedMethodRefs>
                  <TrackedMethodRef uid="5" vc="1" />
                </TrackedMethodRefs>
              </MethodPoint>
            </Method>
            <Method visited="true" cyclomaticComplexity="1" nPathComplexity="0" sequenceCoverage="100" branchCoverage="100" crapScore="1" isConstructor="false" isStatic="false" isGetter="false" isSetter="false">
              <Summary numSequencePoints="2" visitedSequencePoints="2" numBranchPoints="1" visitedBranchPoints="1" sequenceCoverage="100" branchCoverage="100" maxCyclomaticComplexity="1" minCyclomaticComplexity="1" maxCrapScore="1" minCrapScore="1" visitedClasses="0" numClasses="0" visitedMethods="1" numMethods="1" />
              <MetadataToken>100663298</MetadataToken>
              <Name>System.Void GerenciadorSalas.Infra.Data.Features.Usuarios.UsuarioSqlRepository::Delete(GerenciadorSalas.Domain.Usuarios.Usuario)</Name>
              <FileRef uid="17" />
              <SequencePoints>
                <SequencePoint vc="1" uspid="86" ordinal="0" offset="0" sl="18" sc="9" el="18" ec="10" bec="0" bev="0" fileid="17">
                  <TrackedMethodRefs>
                    <TrackedMethodRef uid="6" vc="1" />
                  </TrackedMethodRefs>
                </SequencePoint>
                <SequencePoint vc="1" uspid="87" ordinal="1" offset="1" sl="19" sc="13" el="19" ec="49" bec="0" bev="0" fileid="17">
                  <TrackedMethodRefs>
                    <TrackedMethodRef uid="6" vc="1" />
                  </TrackedMethodRefs>
                </SequencePoint>
              </SequencePoints>
              <BranchPoints />
              <MethodPoint xsi:type="SequencePoint" vc="1" uspid="86" ordinal="0" offset="0" sl="18" sc="9" el="18" ec="10" bec="0" bev="0" fileid="17">
                <TrackedMethodRefs>
                  <TrackedMethodRef uid="6" vc="1" />
                </TrackedMethodRefs>
              </MethodPoint>
            </Method>
            <Method visited="true" cyclomaticComplexity="1" nPathComplexity="0" sequenceCoverage="100" branchCoverage="100" crapScore="1" isConstructor="false" isStatic="false" isGetter="false" isSetter="false">
              <Summary numSequencePoints="2" visitedSequencePoints="2" numBranchPoints="1" visitedBranchPoints="1" sequenceCoverage="100" branchCoverage="100" maxCyclomaticComplexity="1" minCyclomaticComplexity="1" maxCrapScore="1" minCrapScore="1" visitedClasses="0" numClasses="0" visitedMethods="1" numMethods="1" />
              <MetadataToken>100663299</MetadataToken>
              <Name>System.Collections.Generic.IEnumerable`1&lt;GerenciadorSalas.Domain.Usuarios.Usuario&gt; GerenciadorSalas.Infra.Data.Features.Usuarios.UsuarioSqlRepository::GetAll()</Name>
              <FileRef uid="17" />
              <SequencePoints>
                <SequencePoint vc="1" uspid="88" ordinal="0" offset="0" sl="23" sc="9" el="23" ec="10" bec="0" bev="0" fileid="17">
                  <TrackedMethodRefs>
                    <TrackedMethodRef uid="8" vc="1" />
                  </TrackedMethodRefs>
                </SequencePoint>
                <SequencePoint vc="1" uspid="89" ordinal="1" offset="1" sl="24" sc="13" el="24" ec="49" bec="0" bev="0" fileid="17">
                  <TrackedMethodRefs>
                    <TrackedMethodRef uid="8" vc="1" />
                  </TrackedMethodRefs>
                </SequencePoint>
              </SequencePoints>
              <BranchPoints />
              <MethodPoint xsi:type="SequencePoint" vc="1" uspid="88" ordinal="0" offset="0" sl="23" sc="9" el="23" ec="10" bec="0" bev="0" fileid="17">
                <TrackedMethodRefs>
                  <TrackedMethodRef uid="8" vc="1" />
                </TrackedMethodRefs>
              </MethodPoint>
            </Method>
            <Method visited="true" cyclomaticComplexity="1" nPathComplexity="0" sequenceCoverage="100" branchCoverage="100" crapScore="1" isConstructor="false" isStatic="false" isGetter="false" isSetter="false">
              <Summary numSequencePoints="2" visitedSequencePoints="2" numBranchPoints="1" visitedBranchPoints="1" sequenceCoverage="100" branchCoverage="100" maxCyclomaticComplexity="1" minCyclomaticComplexity="1" maxCrapScore="1" minCrapScore="1" visitedClasses="0" numClasses="0" visitedMethods="1" numMethods="1" />
              <MetadataToken>100663300</MetadataToken>
              <Name>GerenciadorSalas.Domain.Usuarios.Usuario GerenciadorSalas.Infra.Data.Features.Usuarios.UsuarioSqlRepository::GetById(System.Int64)</Name>
              <FileRef uid="17" />
              <SequencePoints>
                <SequencePoint vc="1" uspid="90" ordinal="0" offset="0" sl="28" sc="9" el="28" ec="10" bec="0" bev="0" fileid="17">
                  <TrackedMethodRefs>
                    <TrackedMethodRef uid="9" vc="1" />
                  </TrackedMethodRefs>
                </SequencePoint>
                <SequencePoint vc="1" uspid="91" ordinal="1" offset="1" sl="29" sc="13" el="29" ec="49" bec="0" bev="0" fileid="17">
                  <TrackedMethodRefs>
                    <TrackedMethodRef uid="9" vc="1" />
                  </TrackedMethodRefs>
                </SequencePoint>
              </SequencePoints>
              <BranchPoints />
              <MethodPoint xsi:type="SequencePoint" vc="1" uspid="90" ordinal="0" offset="0" sl="28" sc="9" el="28" ec="10" bec="0" bev="0" fileid="17">
                <TrackedMethodRefs>
                  <TrackedMethodRef uid="9" vc="1" />
                </TrackedMethodRefs>
              </MethodPoint>
            </Method>
            <Method visited="true" cyclomaticComplexity="1" nPathComplexity="0" sequenceCoverage="100" branchCoverage="100" crapScore="1" isConstructor="false" isStatic="false" isGetter="false" isSetter="false">
              <Summary numSequencePoints="2" visitedSequencePoints="2" numBranchPoints="1" visitedBranchPoints="1" sequenceCoverage="100" branchCoverage="100" maxCyclomaticComplexity="1" minCyclomaticComplexity="1" maxCrapScore="1" minCrapScore="1" visitedClasses="0" numClasses="0" visitedMethods="1" numMethods="1" />
              <MetadataToken>100663301</MetadataToken>
              <Name>GerenciadorSalas.Domain.Usuarios.Usuario GerenciadorSalas.Infra.Data.Features.Usuarios.UsuarioSqlRepository::Update(GerenciadorSalas.Domain.Usuarios.Usuario)</Name>
              <FileRef uid="17" />
              <SequencePoints>
                <SequencePoint vc="1" uspid="92" ordinal="0" offset="0" sl="33" sc="9" el="33" ec="10" bec="0" bev="0" fileid="17">
                  <TrackedMethodRefs>
                    <TrackedMethodRef uid="7" vc="1" />
                  </TrackedMethodRefs>
                </SequencePoint>
                <SequencePoint vc="1" uspid="93" ordinal="1" offset="1" sl="34" sc="13" el="34" ec="49" bec="0" bev="0" fileid="17">
                  <TrackedMethodRefs>
                    <TrackedMethodRef uid="7" vc="1" />
                  </TrackedMethodRefs>
                </SequencePoint>
              </SequencePoints>
              <BranchPoints />
              <MethodPoint xsi:type="SequencePoint" vc="1" uspid="92" ordinal="0" offset="0" sl="33" sc="9" el="33" ec="10" bec="0" bev="0" fileid="17">
                <TrackedMethodRefs>
                  <TrackedMethodRef uid="7" vc="1" />
                </TrackedMethodRefs>
              </MethodPoint>
            </Method>
            <Method visited="false" cyclomaticComplexity="1" nPathComplexity="0" sequenceCoverage="0" branchCoverage="0" crapScore="2" isConstructor="true" isStatic="false" isGetter="false" isSetter="false">
              <Summary numSequencePoints="0" visitedSequencePoints="0" numBranchPoints="0" visitedBranchPoints="0" sequenceCoverage="0" branchCoverage="0" maxCyclomaticComplexity="1" minCyclomaticComplexity="1" maxCrapScore="2" minCrapScore="2" visitedClasses="0" numClasses="0" visitedMethods="0" numMethods="0" />
              <MetadataToken>100663302</MetadataToken>
              <Name>System.Void GerenciadorSalas.Infra.Data.Features.Usuarios.UsuarioSqlRepository::.ctor()</Name>
              <SequencePoints />
              <BranchPoints />
              <MethodPoint vc="0" uspid="94" ordinal="0" offset="0" />
            </Method>
          </Methods>
        </Class>
      </Classes>
      <TrackedMethods />
    </Module>
    <Module hash="0E-21-9C-58-A0-9C-BC-DB-16-48-05-A6-8F-32-31-C5-9D-3C-81-32">
      <Summary numSequencePoints="91" visitedSequencePoints="21" numBranchPoints="28" visitedBranchPoints="4" sequenceCoverage="23.08" branchCoverage="14.29" maxCyclomaticComplexity="7" minCyclomaticComplexity="1" maxCrapScore="35.35" minCrapScore="1" visitedClasses="1" numClasses="1" visitedMethods="3" numMethods="8" />
      <ModulePath>C:\Users\fabri\Desktop\Academia-NDD\Academia\GerenciadorSalas\GerenciadorSalas.Infra.Data.Tests\bin\Debug\GerenciadorSalas.Infra.dll</ModulePath>
      <ModuleTime>2018-06-02T17:38:08.8427272Z</ModuleTime>
      <ModuleName>GerenciadorSalas.Infra</ModuleName>
      <Files>
        <File uid="31" fullPath="C:\Users\fabri\Desktop\Academia-NDD\Academia\GerenciadorSalas\GerenciadorSalas.Infra\Dbs\Db.cs" />
      </Files>
      <Classes>
        <Class>
          <Summary numSequencePoints="91" visitedSequencePoints="21" numBranchPoints="28" visitedBranchPoints="4" sequenceCoverage="23.08" branchCoverage="14.29" maxCyclomaticComplexity="7" minCyclomaticComplexity="1" maxCrapScore="35.35" minCrapScore="1" visitedClasses="1" numClasses="1" visitedMethods="3" numMethods="8" />
          <FullName>GerenciadorSalas.Infra.Dbs.Db</FullName>
          <Methods>
            <Method visited="false" cyclomaticComplexity="4" nPathComplexity="2" sequenceCoverage="0" branchCoverage="0" crapScore="20" isConstructor="false" isStatic="true" isGetter="false" isSetter="false">
              <Summary numSequencePoints="16" visitedSequencePoints="0" numBranchPoints="3" visitedBranchPoints="0" sequenceCoverage="0" branchCoverage="0" maxCyclomaticComplexity="4" minCyclomaticComplexity="4" maxCrapScore="20" minCrapScore="20" visitedClasses="0" numClasses="0" visitedMethods="0" numMethods="1" />
              <MetadataToken>100663297</MetadataToken>
              <Name>T GerenciadorSalas.Infra.Dbs.Db::Get(System.String,System.Func`2&lt;System.Data.IDataReader,T&gt;,System.Object[])</Name>
              <FileRef uid="31" />
              <SequencePoints>
                <SequencePoint vc="0" uspid="128" ordinal="0" offset="0" sl="30" sc="9" el="30" ec="10" bec="0" bev="0" fileid="31" />
                <SequencePoint vc="0" uspid="129" ordinal="1" offset="1" sl="31" sc="20" el="31" ec="63" bec="0" bev="0" fileid="31" />
                <SequencePoint vc="0" uspid="130" ordinal="2" offset="12" sl="32" sc="13" el="32" ec="14" bec="0" bev="0" fileid="31" />
                <SequencePoint vc="0" uspid="131" ordinal="3" offset="13" sl="33" sc="17" el="33" ec="64" bec="0" bev="0" fileid="31" />
[...]
              <Name>System.Void GerenciadorSalas.Infra.Dbs.Db::Update(System.String,System.Object[])</Name>
              <FileRef uid="31" />
              <SequencePoints>
                <SequencePoint vc="10" uspid="176" ordinal="0" offset="0" sl="116" sc="9" el="116" ec="10" bec="0" bev="0" fileid="31">
                  <TrackedMethodRefs>
                    <TrackedMethodRef uid="5" vc="2" />
                    <TrackedMethodRef uid="6" vc="2" />
                    <TrackedMethodRef uid="8" vc="2" />
                    <TrackedMethodRef uid="9" vc="2" />
                  </TrackedMethodRefs>
                </SequencePoint>
                <SequencePoint vc="10" uspid="177" ordinal="1" offset="1" sl="117" sc="20" el="117" ec="63" bec="0" bev="0" fileid="31">
                  <TrackedMethodRefs>
                    <TrackedMethodRef uid="5" vc="2" />
                    <TrackedMethodRef uid="6" vc="2" />
                    <TrackedMethodRef uid="8" vc="2" />
                    <TrackedMethodRef uid="9" vc="2" />
                  </TrackedMethodRefs>
                </SequencePoint>
                <SequencePoint vc="10" uspid="178" ordinal="2" offset="12" sl="118" sc="13" el="118" ec="14" bec="0" bev="0" fileid="31">
                  <TrackedMethodRefs>
                    <TrackedMethodRef uid="5" vc="2" />
                    <TrackedMethodRef uid="6" vc="2" />
                    <TrackedMethodRef uid="8" vc="2" />
                    <TrackedMethodRef uid="9" vc="2" />
                  </TrackedMethodRefs>
                </SequencePoint>
                <SequencePoint vc="10" uspid="179" ordinal="3" offset="13" sl="119" sc="17" el="119" ec="64" bec="0" bev="0" fileid="31">
                  <TrackedMethodRefs>
                    <TrackedMethodRef uid="5" vc="2" />
                    <TrackedMethodRef uid="6" vc="2" />
                    <TrackedMethodRef uid="8" vc="2" />
                    <TrackedMethodRef uid="9" vc="2" />
                  </TrackedMethodRefs>
                </SequencePoint>
                <SequencePoint vc="10" uspid="180" ordinal="4" offset="25" sl="121" sc="24" el="121" ec="61" bec="0" bev="0" fileid="31">
                  <TrackedMethodRefs>
                    <TrackedMethodRef uid="5" vc="2" />
                    <TrackedMethodRef uid="6" vc="2" />
                    <TrackedMethodRef uid="8" vc="2" />
                    <TrackedMethodRef uid="9" vc="2" />
                  </TrackedMethodRefs>
                </SequencePoint>
                <SequencePoint vc="10" uspid="181" ordinal="5" offset="36" sl="122" sc="17" el="122" ec="18" bec="0" bev="0" fileid="31">
                  <TrackedMethodRefs>
                    <TrackedMethodRef uid="5" vc="2" />
                    <TrackedMethodRef uid="6" vc="2" />
                    <TrackedMethodRef uid="8" vc="2" />
                    <TrackedMethodRef uid="9" vc="2" />
                  </TrackedMethodRefs>
                </SequencePoint>
                <SequencePoint vc="10" uspid="182" ordinal="6" offset="37" sl="123" sc="21" el="123" ec="53" bec="0" bev="0" fileid="31">
                  <TrackedMethodRefs>
                    <TrackedMethodRef uid="5" vc="2" />
                    <TrackedMethodRef uid="6" vc="2" />
                    <TrackedMethodRef uid="8" vc="2" />
                    <TrackedMethodRef uid="9" vc="2" />
                  </TrackedMethodRefs>
                </SequencePoint>
                <SequencePoint vc="10" uspid="183" ordinal="7" offset="45" sl="124" sc="21" el="124" ec="47" bec="0" bev="0" fileid="31">
                  <TrackedMethodRefs>
                    <TrackedMethodRef uid="5" vc="2" />
                    <TrackedMethodRef uid="6" vc="2" />
                    <TrackedMethodRef uid="8" vc="2" />
                    <TrackedMethodRef uid="9" vc="2" />
                  </TrackedMethodRefs>
                </SequencePoint>
                <SequencePoint vc="10" uspid="184" ordinal="8" offset="53" sl="125" sc="21" el="125" ec="50" bec="0" bev="0" fileid="31">
                  <TrackedMethodRefs>
                    <TrackedMethodRef uid="5" vc="2" />
                    <TrackedMethodRef uid="6" vc="2" />
                    <TrackedMethodRef uid="8" vc="2" />
                    <TrackedMethodRef uid="9" vc="2" />
                  </TrackedMethodRefs>
                </SequencePoint>
                <SequencePoint vc="10" uspid="185" ordinal="9" offset="61" sl="127" sc="21" el="127" ec="39" bec="0" bev="0" fileid="31">
                  <TrackedMethodRefs>
                    <TrackedMethodRef uid="5" vc="2" />
                    <TrackedMethodRef uid="6" vc="2" />
                    <TrackedMethodRef uid="8" vc="2" />
                    <TrackedMethodRef uid="9" vc="2" />
                  </TrackedMethodRefs>
                </SequencePoint>
                <SequencePoint vc="10" uspid="186" ordinal="10" offset="68" sl="128" sc="21" el="128" ec="47" bec="0" bev="0" fileid="31">
                  <TrackedMethodRefs>
                    <TrackedMethodRef uid="5" vc="2" />
                    <TrackedMethodRef uid="6" vc="2" />
                    <TrackedMethodRef uid="8" vc="2" />
                    <TrackedMethodRef uid="9" vc="2" />
                  </TrackedMethodRefs>
                </SequencePoint>
                <SequencePoint vc="10" uspid="187" ordinal="11" offset="75" sl="129" sc="17" el="129" ec="18" bec="0" bev="0" fileid="31">
                  <TrackedMethodRefs>
                    <TrackedMethodRef uid="5" vc="2" />
                    <TrackedMethodRef uid="6" vc="2" />
                    <TrackedMethodRef uid="8" vc="2" />
                    <TrackedMethodRef uid="9" vc="2" />
                  </TrackedMethodRefs>
                </SequencePoint>
                <SequencePoint vc="10" uspid="188" ordinal="12" offset="89" sl="130" sc="13" el="130" ec="14" bec="0" bev="0" fileid="31">
                  <TrackedMethodRefs>
                    <TrackedMethodRef uid="5" vc="2" />
                    <TrackedMethodRef uid="6" vc="2" />
                    <TrackedMethodRef uid="8" vc="2" />
                    <TrackedMethodRef uid="9" vc="2" />
                  </TrackedMethodRefs>
                </SequencePoint>
                <SequencePoint vc="10" uspid="189" ordinal="13" offset="103" sl="131" sc="9" el="131" ec="10" bec="0" bev="0" fileid="31">
                  <TrackedMethodRefs>
                    <TrackedMethodRef uid="5" vc="2" />
                    <TrackedMethodRef uid="6" vc="2" />
                    <TrackedMethodRef uid="8" vc="2" />
                    <TrackedMethodRef uid="9" vc="2" />
                  </TrackedMethodRefs>
                </SequencePoint>
              </SequencePoints>
              <BranchPoints />
              <MethodPoint xsi:type="SequencePoint" vc="10" uspid="176" ordinal="0" offset="0" sl="116" sc="9" el="116" ec="10" bec="0" bev="0" fileid="31">
                <TrackedMethodRefs>
                  <TrackedMethodRef uid="5" vc="2" />
                  <TrackedMethodRef uid="6" vc="2" />
                  <TrackedMethodRef uid="8" vc="2" />
                  <TrackedMethodRef uid="9" vc="2" />
                </TrackedMethodRefs>
              </MethodPoint>
            </Method>
            <Method visited="false" cyclomaticComplexity="1" nPathComplexity="0" sequenceCoverage="0" branchCoverage="0" crapScore="2" isConstructor="false" isStatic="true" isGetter="false" isSetter="false">
              <Summary numSequencePoints="3" visitedSequencePoints="0" numBranchPoints="1" visitedBranchPoints="0" sequenceCoverage="0" branchCoverage="0" maxCyclomaticComplexity="1" minCyclomaticComplexity="1" maxCrapScore="2" minCrapScore="2" visitedClasses="0" numClasses="0" visitedMethods="0" numMethods="1" />
              <MetadataToken>100663301</MetadataToken>
              <Name>System.Void GerenciadorSalas.Infra.Dbs.Db::Delete(System.String,System.Object[])</Name>
              <FileRef uid="31" />
              <SequencePoints>
                <SequencePoint vc="0" uspid="190" ordinal="0" offset="0" sl="139" sc="9" el="139" ec="10" bec="0" bev="0" fileid="31" />
                <SequencePoint vc="0" uspid="191" ordinal="1" offset="1" sl="140" sc="13" el="140" ec="32" bec="0" bev="0" fileid="31" />
                <SequencePoint vc="0" uspid="192" ordinal="2" offset="9" sl="141" sc="9" el="141" ec="10" bec="0" bev="0" fileid="31" />
              </SequencePoints>
              <BranchPoints />
              <MethodPoint xsi:type="SequencePoint" vc="0" uspid="190" ordinal="0" offset="0" sl="139" sc="9" el="139" ec="10" bec="0" bev="0" fileid="31" />
            </Method>
            <Method visited="false" cyclomaticComplexity="5" nPathComplexity="16" sequenceCoverage="0" branchCoverage="0" crapScore="30" isConstructor="false" isStatic="true" isGetter="false" isSetter="false">
              <Summary numSequencePoints="8" visitedSequencePoints="0" numBranchPoints="9" visitedBranchPoints="0" sequenceCoverage="0" branchCoverage="0" maxCyclomaticComplexity="5" minCyclomaticComplexity="5" maxCrapScore="30" minCrapScore="30" visitedClasses="0" numClasses="0" visitedMethods="0" numMethods="1" />
              <MetadataToken>100663302</MetadataToken>
              <Name>System.String GerenciadorSalas.Infra.Dbs.Db::AppendIdentitySelect(System.String)</Name>
              <FileRef uid="31" />
              <SequencePoints>
                <SequencePoint vc="0" uspid="193" ordinal="0" offset="0" sl="151" sc="9" el="151" ec="10" bec="0" bev="0" fileid="31" />
                <SequencePoint vc="0" uspid="194" ordinal="1" offset="1" sl="152" sc="13" el="152" ec="34" bec="8" bev="0" fileid="31" />
                <SequencePoint vc="0" uspid="195" ordinal="2" offset="61" sl="155" sc="43" el="155" ec="54" bec="0" bev="0" fileid="31" />
                <SequencePoint vc="0" uspid="196" ordinal="3" offset="65" sl="156" sc="47" el="156" ec="87" bec="0" bev="0" fileid="31" />
                <SequencePoint vc="0" uspid="197" ordinal="4" offset="79" sl="157" sc="50" el="157" ec="102" bec="0" bev="0" fileid="31" />
                <SequencePoint vc="0" uspid="198" ordinal="5" offset="93" sl="158" sc="53" el="158" ec="86" bec="0" bev="0" fileid="31" />
                <SequencePoint vc="0" uspid="199" ordinal="6" offset="107" sl="159" sc="26" el="159" ec="60" bec="0" bev="0" fileid="31" />
                <SequencePoint vc="0" uspid="200" ordinal="7" offset="121" sl="161" sc="9" el="161" ec="10" bec="0" bev="0" fileid="31" />
              </SequencePoints>
              <BranchPoints>
                <BranchPoint vc="0" uspid="201" ordinal="0" offset="18" sl="152" path="0" offsetend="20" fileid="31" />
                <BranchPoint vc="0" uspid="202" ordinal="1" offset="18" sl="152" path="1" offsetend="61" fileid="31" />
                <BranchPoint vc="0" uspid="203" ordinal="2" offset="31" sl="152" path="0" offsetend="33" fileid="31" />
                <BranchPoint vc="0" uspid="204" ordinal="3" offset="31" sl="152" path="1" offsetend="65" fileid="31" />
                <BranchPoint vc="0" uspid="205" ordinal="4" offset="44" sl="152" path="0" offsetend="46" fileid="31" />
                <BranchPoint vc="0" uspid="206" ordinal="5" offset="44" sl="152" path="1" offsetend="79" fileid="31" />
                <BranchPoint vc="0" uspid="207" ordinal="6" offset="57" sl="152" path="0" offsetchain="59" offsetend="107" fileid="31" />
                <BranchPoint vc="0" uspid="208" ordinal="7" offset="57" sl="152" path="1" offsetend="93" fileid="31" />
              </BranchPoints>
              <MethodPoint xsi:type="SequencePoint" vc="0" uspid="193" ordinal="0" offset="0" sl="151" sc="9" el="151" ec="10" bec="0" bev="0" fileid="31" />
            </Method>
            <Method visited="true" cyclomaticComplexity="7" nPathComplexity="16" sequenceCoverage="16.67" branchCoverage="22.22" crapScore="35.35" isConstructor="false" isStatic="true" isGetter="false" isSetter="false">
              <Summary numSequencePoints="18" visitedSequencePoints="3" numBranchPoints="9" visitedBranchPoints="2" sequenceCoverage="16.67" branchCoverage="22.22" maxCyclomaticComplexity="7" minCyclomaticComplexity="7" maxCrapScore="35.35" minCrapScore="35.35" visitedClasses="0" numClasses="0" visitedMethods="1" numMethods="1" />
              <MetadataToken>100663303</MetadataToken>
              <Name>System.Void GerenciadorSalas.Infra.Dbs.Db::SetParameters(System.Data.Common.DbCommand,System.Object[])</Name>
              <FileRef uid="31" />
              <SequencePoints>
                <SequencePoint vc="10" uspid="209" ordinal="0" offset="0" sl="169" sc="9" el="169" ec="10" bec="0" bev="0" fileid="31">
                  <TrackedMethodRefs>
                    <TrackedMethodRef uid="5" vc="2" />
                    <TrackedMethodRef uid="6" vc="2" />
                    <TrackedMethodRef uid="8" vc="2" />
                    <TrackedMethodRef uid="9" vc="2" />
                  </TrackedMethodRefs>
                </SequencePoint>
                <SequencePoint vc="10" uspid="210" ordinal="1" offset="1" sl="170" sc="13" el="170" ec="51" bec="2" bev="1" fileid="31">
                  <TrackedMethodRefs>
                    <TrackedMethodRef uid="5" vc="2" />
                    <TrackedMethodRef uid="6" vc="2" />
                    <TrackedMethodRef uid="8" vc="2" />
                    <TrackedMethodRef uid="9" vc="2" />
                  </TrackedMethodRefs>
                </SequencePoint>
                <SequencePoint vc="0" uspid="211" ordinal="2" offset="19" sl="171" sc="13" el="171" ec="14" bec="0" bev="0" fileid="31" />
                <SequencePoint vc="0" uspid="212" ordinal="3" offset="20" sl="172" sc="22" el="172" ec="31" bec="0" bev="0" fileid="31" />
                <SequencePoint vc="0" uspid="213" ordinal="4" offset="24" sl="173" sc="17" el="173" ec="18" bec="0" bev="0" fileid="31" />
                <SequencePoint vc="0" uspid="214" ordinal="5" offset="25" sl="174" sc="21" el="174" ec="55" bec="0" bev="0" fileid="31" />
                <SequencePoint vc="0" uspid="215" ordinal="6" offset="34" sl="176" sc="21" el="176" ec="78" bec="2" bev="0" fileid="31" />
                <SequencePoint vc="0" uspid="216" ordinal="7" offset="75" sl="177" sc="25" el="177" ec="45" bec="0" bev="0" fileid="31" />
                <SequencePoint vc="0" uspid="217" ordinal="8" offset="81" sl="179" sc="21" el="179" ec="65" bec="2" bev="0" fileid="31" />
                <SequencePoint vc="0" uspid="218" ordinal="9" offset="96" sl="181" sc="21" el="181" ec="65" bec="0" bev="0" fileid="31" />
                <SequencePoint vc="0" uspid="219" ordinal="10" offset="104" sl="182" sc="21" el="182" ec="54" bec="0" bev="0" fileid="31" />
                <SequencePoint vc="0" uspid="220" ordinal="11" offset="113" sl="183" sc="21" el="183" ec="47" bec="0" bev="0" fileid="31" />
                <SequencePoint vc="0" uspid="221" ordinal="12" offset="122" sl="185" sc="21" el="185" ec="57" bec="0" bev="0" fileid="31" />
                <SequencePoint vc="0" uspid="222" ordinal="13" offset="136" sl="186" sc="17" el="186" ec="18" bec="0" bev="0" fileid="31" />
                <SequencePoint vc="0" uspid="223" ordinal="14" offset="137" sl="172" sc="51" el="172" ec="57" bec="0" bev="0" fileid="31" />
                <SequencePoint vc="0" uspid="224" ordinal="15" offset="141" sl="172" sc="33" el="172" ec="49" bec="2" bev="0" fileid="31" />
                <SequencePoint vc="0" uspid="225" ordinal="16" offset="156" sl="187" sc="13" el="187" ec="14" bec="0" bev="0" fileid="31" />
                <SequencePoint vc="10" uspid="226" ordinal="17" offset="157" sl="188" sc="9" el="188" ec="10" bec="0" bev="0" fileid="31">
                  <TrackedMethodRefs>
                    <TrackedMethodRef uid="5" vc="2" />
                    <TrackedMethodRef uid="6" vc="2" />
                    <TrackedMethodRef uid="8" vc="2" />
                    <TrackedMethodRef uid="9" vc="2" />
                  </TrackedMethodRefs>
                </SequencePoint>
              </SequencePoints>
              <BranchPoints>
                <BranchPoint vc="0" uspid="229" ordinal="2" offset="14" sl="170" path="0" offsetend="19" fileid="31" />
                <BranchPoint vc="10" uspid="230" ordinal="3" offset="14" sl="170" path="1" offsetend="157" fileid="31">
                  <TrackedMethodRefs>
                    <TrackedMethodRef uid="5" vc="2" />
                    <TrackedMethodRef uid="6" vc="2" />
                    <TrackedMethodRef uid="8" vc="2" />
                    <TrackedMethodRef uid="9" vc="2" />
                  </TrackedMethodRefs>
                </BranchPoint>
                <BranchPoint vc="0" uspid="233" ordinal="6" offset="73" sl="176" path="0" offsetend="75" fileid="31" />
                <BranchPoint vc="0" uspid="234" ordinal="7" offset="73" sl="176" path="1" offsetend="81" fileid="31" />
                <BranchPoint vc="0" uspid="235" ordinal="8" offset="87" sl="179" path="0" offsetend="89" fileid="31" />
                <BranchPoint vc="0" uspid="236" ordinal="9" offset="87" sl="179" path="1" offsetend="95" fileid="31" />
                <BranchPoint vc="0" uspid="237" ordinal="10" offset="151" sl="172" path="0" offsetend="156" fileid="31" />
                <BranchPoint vc="0" uspid="238" ordinal="11" offset="151" sl="172" path="1" offsetend="24" fileid="31" />
              </BranchPoints>
              <MethodPoint xsi:type="SequencePoint" vc="10" uspid="209" ordinal="0" offset="0" sl="169" sc="9" el="169" ec="10" bec="0" bev="0" fileid="31">
                <TrackedMethodRefs>
                  <TrackedMethodRef uid="5" vc="2" />
                  <TrackedMethodRef uid="6" vc="2" />
                  <TrackedMethodRef uid="8" vc="2" />
                  <TrackedMethodRef uid="9" vc="2" />
                </TrackedMethodRefs>
              </MethodPoint>
            </Method>
            <Method visited="true" cyclomaticComplexity="1" nPathComplexity="0" sequenceCoverage="100" branchCoverage="100" crapScore="1" isConstructor="true" isStatic="true" isGetter="false" isSetter="false">
              <Summary numSequencePoints="4" visitedSequencePoints="4" numBranchPoints="1" visitedBranchPoints="1" sequenceCoverage="100" branchCoverage="100" maxCyclomaticComplexity="1" minCyclomaticComplexity="1" maxCrapScore="1" minCrapScore="1" visitedClasses="0" numClasses="0" visitedMethods="1" numMethods="1" />
              <MetadataToken>100663304</MetadataToken>
              <Name>System.Void GerenciadorSalas.Infra.Dbs.Db::.cctor()</Name>
              <FileRef uid="31" />
              <SequencePoints>
                <SequencePoint vc="1" uspid="239" ordinal="0" offset="0" sl="14" sc="9" el="14" ec="108" bec="0" bev="0" fileid="31" />
                <SequencePoint vc="1" uspid="240" ordinal="1" offset="20" sl="15" sc="9" el="15" ec="106" bec="0" bev="0" fileid="31" />
                <SequencePoint vc="1" uspid="241" ordinal="2" offset="35" sl="17" sc="9" el="17" ec="124" bec="0" bev="0" fileid="31" />
                <SequencePoint vc="1" uspid="242" ordinal="3" offset="55" sl="18" sc="9" el="18" ec="137" bec="0" bev="0" fileid="31" />
              </SequencePoints>
              <BranchPoints />
              <MethodPoint xsi:type="SequencePoint" vc="1" uspid="239" ordinal="0" offset="0" sl="14" sc="9" el="14" ec="108" bec="0" bev="0" fileid="31" />
            </Method>
          </Methods>
        </Class>
      </Classes>
      <TrackedMethods />
    </Module>
  </Modules>
</CoverageSession>